01:48:53.358 [main                     ] DEBUG Logger               - Configured Logger
01:48:53.382 [main                     ] DEBUG GameApplication      - Logging settings
Title: Game App
Version: 0.0
Width: 800
Height: 600
Fullscreen: false
Intro: false
Profiling: false
Single step:false
App Mode: DEVELOPER
Menu Key: ESCAPE
Stage Style: DECORATED
Scene Factory: class com.almasb.fxgl.app.scene.SceneFactory

01:48:53.916 [JavaFX Application Thread] DEBUG FXGLApplication      - Initializing FXGL
01:48:53.920 [JavaFX Application Thread] INFO  Engine               - FXGL-17.3 (30.03.2023 11.49) on WINDOWS (J:21.0.2 FX:20)
01:48:53.921 [JavaFX Application Thread] DEBUG Engine               - JRE Vendor Name: Oracle Corporation
01:48:53.921 [JavaFX Application Thread] DEBUG Engine               - Running on OS: Windows 11 version 10.0
01:48:53.921 [JavaFX Application Thread] DEBUG Engine               - Architecture: amd64
01:48:53.921 [JavaFX Application Thread] INFO  Engine               - Source code and latest versions at: https://github.com/AlmasB/FXGL
01:48:53.921 [JavaFX Application Thread] INFO  Engine               -       Ask questions and discuss at: https://github.com/AlmasB/FXGL/discussions
01:48:53.921 [JavaFX Application Thread] INFO  Engine               -              Join the FXGL chat at: https://gitter.im/AlmasB/FXGL
01:48:54.036 [JavaFX Application Thread] DEBUG PrimaryStageWindow   - Creating a JavaFX scene
01:48:54.089 [JavaFX Application Thread] DEBUG PrimaryStageWindow   - Target settings size: 800.0 x 600.0
01:48:54.089 [JavaFX Application Thread] DEBUG PrimaryStageWindow   - Scaled scene size:    800.0 x 600.0
01:48:54.090 [JavaFX Application Thread] DEBUG PrimaryStageWindow   - Scaled ratio: (1.0, 1.0)
01:48:54.090 [JavaFX Application Thread] DEBUG PrimaryStageWindow   - Set initial scene to FXGLStartupScene
01:48:54.093 [JavaFX Application Thread] DEBUG PrimaryStageWindow   - Opening main window
01:48:54.182 [JavaFX Application Thread] DEBUG PrimaryStageWindow   - Window border size: (16.0, 39.0)
01:48:54.182 [JavaFX Application Thread] DEBUG PrimaryStageWindow   - Scaled size: 800.0 x 600.0
01:48:54.183 [JavaFX Application Thread] DEBUG PrimaryStageWindow   - Scaled ratio: (1.0, 1.0)
01:48:54.183 [JavaFX Application Thread] DEBUG PrimaryStageWindow   - Scene size: 800.0 x 600.0
01:48:54.183 [JavaFX Application Thread] DEBUG PrimaryStageWindow   - Stage size: 816.0 x 639.0
01:48:54.193 [FXGL Background Thread 1 ] DEBUG Engine               - Initializing environment variables
01:48:54.255 [FXGL Background Thread 1 ] DEBUG FXGLAssetLoaderServi - User app class for loading assets: class org.example.Run
01:48:54.255 [FXGL Background Thread 1 ] DEBUG GameApplicationServi - Applying CSS: fxgl_dark.css
01:48:54.257 [FXGL Background Thread 1 ] DEBUG FXGLAssetLoaderServi - Loading from file system: jar:file:/C:/Users/kozim/.m2/repository/com/github/almasb/fxgl/17.3/fxgl-17.3.jar!/fxglassets/ui/css/fxgl_dark.css
01:48:54.294 [FXGL Background Thread 1 ] DEBUG GameApplicationServi - Initializing application scenes
01:48:54.332 [FXGL Background Thread 1 ] DEBUG GameWorld            - Game world initialized
01:48:54.416 [FXGL Background Thread 1 ] DEBUG PhysicsWorld         - Physics world initialized: appHeight=600, physics.ppm=50,0
01:48:54.416 [FXGL Background Thread 1 ] DEBUG PhysicsWorld         - Using strategy: BRUTE_FORCE
01:48:54.422 [FXGL Background Thread 1 ] DEBUG GameScene            - Game scene initialized: 800x600
01:48:54.437 [FXGL Background Thread 1 ] DEBUG FXGL.DefaultMenu     - createMenuBodyGameMenu()
01:48:54.449 [FXGL Background Thread 1 ] DEBUG FXGL.DefaultMenu     - createOptionsMenu()
01:48:54.456 [FXGL Background Thread 1 ] DEBUG FXGLAssetLoaderServi - Loading from file system: jar:file:/C:/Users/kozim/.m2/repository/com/github/almasb/fxgl/17.3/fxgl-17.3.jar!/fxglassets/textures/particles/smoke.png
01:48:54.584 [FXGL Background Thread 1 ] DEBUG FXGLAssetLoaderServi - Loading from file system: jar:file:/C:/Users/kozim/.m2/repository/com/github/almasb/fxgl/17.3/fxgl-17.3.jar!/fxglassets/textures/particles/trace_horizontal.png
01:48:54.621 [FXGL Background Thread 1 ] DEBUG GameApplicationServi - Application scenes initialized
01:48:54.636 [FXGL Background Thread 1 ] DEBUG SystemBundleService  - Loading FXGL system data
01:48:54.640 [FXGL Background Thread 1 ] DEBUG FileSystemAccess     - Reading from: D:\SEMESTR_IV_PROGRAMY\JAVA\TestGame\TestGame\system\fxgl.bundle
01:48:54.651 [FXGL Background Thread 1 ] DEBUG SystemBundleService  - Bundle FXGL: {}
01:48:54.652 [FXGL Background Thread 1 ] DEBUG UpdaterService       - Checking for updates
01:48:54.656 [FXGL Background Thread 4 ] DEBUG FXGLApplication      - Loading fonts
01:48:54.656 [FXGL Background Thread 4 ] DEBUG FXGLAssetLoaderServi - Loading from file system: jar:file:/C:/Users/kozim/.m2/repository/com/github/almasb/fxgl/17.3/fxgl-17.3.jar!/fxglassets/ui/fonts/VarelaRound-Regular.ttf
01:48:54.657 [FXGL Background Thread 1 ] DEBUG FXGLApplication      - Loading default localization
01:48:54.657 [FXGL Background Thread 1 ] DEBUG FXGLAssetLoaderServi - Loading from file system: jar:file:/C:/Users/kozim/.m2/repository/com/github/almasb/fxgl/17.3/fxgl-17.3.jar!/fxglassets/languages/english.lang
01:48:54.686 [FXGL Background Thread 1 ] INFO  FXGLApplication      - FXGL initialization took: 0,493 sec
01:48:54.688 [JavaFX Application Thread] DEBUG FXGLAssetLoaderServi - Loading from file system: jar:file:/C:/Users/kozim/.m2/repository/com/github/almasb/fxgl/17.3/fxgl-17.3.jar!/fxglassets/textures/fxgl_icon.png
01:48:54.694 [FXGL Background Thread 4 ] DEBUG FXGLAssetLoaderServi - Loading from file system: jar:file:/C:/Users/kozim/.m2/repository/com/github/almasb/fxgl/17.3/fxgl-17.3.jar!/fxglassets/ui/fonts/Abel-Regular.ttf
01:48:54.698 [FXGL Background Thread 4 ] DEBUG FXGLAssetLoaderServi - Loading from file system: jar:file:/C:/Users/kozim/.m2/repository/com/github/almasb/fxgl/17.3/fxgl-17.3.jar!/fxglassets/ui/fonts/TerminalLandMono-Regular.otf
01:48:54.704 [FXGL Background Thread 4 ] DEBUG FXGLAssetLoaderServi - Loading from file system: jar:file:/C:/Users/kozim/.m2/repository/com/github/almasb/fxgl/17.3/fxgl-17.3.jar!/fxglassets/ui/fonts/Courier-Prime.ttf
01:48:54.711 [JavaFX Application Thread] DEBUG FXGLAssetLoaderServi - Loading from file system: jar:file:/C:/Users/kozim/.m2/repository/com/github/almasb/fxgl/17.3/fxgl-17.3.jar!/fxglassets/textures/fxgl_default_cursor.png
01:48:54.727 [JavaFX Application Thread] DEBUG Input                - Registered new binding: Screenshot - CTRL+8
01:48:54.728 [JavaFX Application Thread] DEBUG Input                - Registered new binding: System info dump - CTRL+9
01:48:54.729 [JavaFX Application Thread] DEBUG Input                - Registered new binding: Restart - CTRL+R
01:48:54.730 [JavaFX Application Thread] DEBUG Input                - Registered new binding: Toggle Debug Camera - CTRL+7
01:48:54.733 [JavaFX Application Thread] DEBUG LoopRunner           - Starting loop
01:48:54.734 [JavaFX Application Thread] DEBUG LoopRunner           - Initializing JavaFX AnimationTimerLoop
01:48:54.735 [JavaFX Application Thread] DEBUG GameApplicationServi - Starting new game
01:48:54.736 [JavaFX Application Thread] DEBUG Input                - Clearing active input actions
01:48:54.748 [JavaFX Application Thread] DEBUG GameApplicationServi - Removing overlay from FXGLStartupScene and adding to FXGLLoadingScene
01:48:54.749 [JavaFX Application Thread] DEBUG PrimaryStageWindow   - FXGLStartupScene -> FXGLLoadingScene
01:48:54.749 [JavaFX Application Thread] DEBUG GameApplicationServi - Clearing previous game
01:48:54.749 [JavaFX Application Thread] DEBUG GameScene            - Clearing game scene
01:48:54.749 [JavaFX Application Thread] DEBUG GameWorld            - Clearing game world
01:48:54.749 [JavaFX Application Thread] DEBUG PhysicsWorld         - Clearing physics world
01:48:54.753 [FXGL Background Thread 4 ] DEBUG FXGLApplication      - Initializing game
01:48:54.765 [FXGL Background Thread 4 ] INFO  FXGLApplication      - Game initialization took: 0,012 sec
01:48:54.803 [JavaFX Application Thread] DEBUG Input                - Clearing active input actions
01:48:54.809 [JavaFX Application Thread] DEBUG GameApplicationServi - Removing overlay from FXGLLoadingScene and adding to GameScene
01:48:54.810 [JavaFX Application Thread] DEBUG PrimaryStageWindow   - FXGLLoadingScene -> GameScene
01:48:55.117 [FXGL Background Thread 2 ] INFO  UpdaterService       - Your current version:  17.3
01:48:55.117 [FXGL Background Thread 2 ] INFO  UpdaterService       - Latest stable version: 21.1
01:48:55.815 [JavaFX Application Thread] DEBUG FXGLAssetLoaderServi - Loading from file system: file:/D:/SEMESTR_IV_PROGRAMY/JAVA/TestGame/TestGame/target/classes/assets/textures/enemy_1.png
01:48:55.971 [JavaFX Application Thread] WARN  GameWorld            - Entity is already attached to world
01:48:56.802 [JavaFX Application Thread] WARN  GameWorld            - Entity is already attached to world
01:48:57.648 [JavaFX Application Thread] WARN  GameWorld            - Entity is already attached to world
01:48:57.656 [FXGL Background Thread 3 ] DEBUG Engine               - Logging environment variables
01:48:57.658 [FXGL Background Thread 3 ] DEBUG Engine               - achievements: []
01:48:57.658 [FXGL Background Thread 3 ] DEBUG Engine               - actualHeight: 600.0
01:48:57.658 [FXGL Background Thread 3 ] DEBUG Engine               - actualHeightProperty: ReadOnlyDoubleProperty [value: 600.0]
01:48:57.659 [FXGL Background Thread 3 ] DEBUG Engine               - actualWidth: 800.0
01:48:57.659 [FXGL Background Thread 3 ] DEBUG Engine               - actualWidthProperty: ReadOnlyDoubleProperty [value: 800.0]
01:48:57.659 [FXGL Background Thread 3 ] DEBUG Engine               - appIcon: fxgl_icon.png
01:48:57.660 [FXGL Background Thread 3 ] DEBUG Engine               - applicationMode: DEVELOPER
01:48:57.660 [FXGL Background Thread 3 ] DEBUG Engine               - cSSList: [fxgl_dark.css]
01:48:57.660 [FXGL Background Thread 3 ] DEBUG Engine               - collisionDetectionStrategy: BRUTE_FORCE
01:48:57.660 [FXGL Background Thread 3 ] DEBUG Engine               - configClass: Optional.empty
01:48:57.660 [FXGL Background Thread 3 ] DEBUG Engine               - credits: []
01:48:57.661 [FXGL Background Thread 3 ] DEBUG Engine               - defaultCursor: CursorInfo(imageName=fxgl_default_cursor.png, hotspotX=7.0, hotspotY=6.0)
01:48:57.663 [FXGL Background Thread 3 ] DEBUG Engine               - devBBoxColorProperty: ObjectProperty [value: 0xff0000ff]
01:48:57.664 [FXGL Background Thread 3 ] DEBUG Engine               - devEnableDebugCameraProperty: BooleanProperty [value: false]
01:48:57.664 [FXGL Background Thread 3 ] DEBUG Engine               - devSensorColorProperty: ObjectProperty [value: 0xffff00ff]
01:48:57.664 [FXGL Background Thread 3 ] DEBUG Engine               - devShowBBoxProperty: BooleanProperty [value: false]
01:48:57.665 [FXGL Background Thread 3 ] DEBUG Engine               - devShowPositionProperty: BooleanProperty [value: false]
01:48:57.665 [FXGL Background Thread 3 ] DEBUG Engine               - enabledMenuItems: []
01:48:57.665 [FXGL Background Thread 3 ] DEBUG Engine               - engineServices: [class com.almasb.fxgl.app.services.FXGLAssetLoaderService, class com.almasb.fxgl.app.FXGLApplication$GameApplicationService, class com.almasb.fxgl.app.services.FXGLDialogService, class com.almasb.fxgl.app.services.IOTaskExecutorService, class com.almasb.fxgl.io.FileSystemService, class com.almasb.fxgl.localization.LocalizationService, class com.almasb.fxgl.app.services.SystemBundleService, class com.almasb.fxgl.profile.SaveLoadService, class com.almasb.fxgl.ui.FXGLUIFactoryServiceProvider, class com.almasb.fxgl.ui.FXGLDialogFactoryServiceProvider, class com.almasb.fxgl.audio.AudioPlayer, class com.almasb.fxgl.notification.impl.NotificationServiceProvider, class com.almasb.fxgl.achievement.AchievementService, class com.almasb.fxgl.cutscene.CutsceneService, class com.almasb.fxgl.minigames.MiniGameService, class com.almasb.fxgl.net.NetService, class com.almasb.fxgl.app.services.UpdaterService, class com.almasb.fxgl.dev.DevService]
01:48:57.665 [FXGL Background Thread 3 ] DEBUG Engine               - fontGame: Abel-Regular.ttf
01:48:57.666 [FXGL Background Thread 3 ] DEBUG Engine               - fontMono: TerminalLandMono-Regular.otf
01:48:57.666 [FXGL Background Thread 3 ] DEBUG Engine               - fontSizeScaleUI: 1.0
01:48:57.666 [FXGL Background Thread 3 ] DEBUG Engine               - fontText: Courier-Prime.ttf
01:48:57.666 [FXGL Background Thread 3 ] DEBUG Engine               - fontUI: VarelaRound-Regular.ttf
01:48:57.666 [FXGL Background Thread 3 ] DEBUG Engine               - fullScreen: BooleanProperty [value: false]
01:48:57.667 [FXGL Background Thread 3 ] DEBUG Engine               - gameDifficulty: MEDIUM
01:48:57.667 [FXGL Background Thread 3 ] DEBUG Engine               - gameDifficultyProperty: ObjectProperty [value: MEDIUM]
01:48:57.667 [FXGL Background Thread 3 ] DEBUG Engine               - globalMusicVolume: 0.5
01:48:57.667 [FXGL Background Thread 3 ] DEBUG Engine               - globalMusicVolumeProperty: DoubleProperty [value: 0.5]
01:48:57.667 [FXGL Background Thread 3 ] DEBUG Engine               - globalSoundVolume: 0.5
01:48:57.668 [FXGL Background Thread 3 ] DEBUG Engine               - globalSoundVolumeProperty: DoubleProperty [value: 0.5]
01:48:57.668 [FXGL Background Thread 3 ] DEBUG Engine               - height: 600
01:48:57.668 [FXGL Background Thread 3 ] DEBUG Engine               - is3D: false
01:48:57.669 [FXGL Background Thread 3 ] DEBUG Engine               - isAndroid: false
01:48:57.669 [FXGL Background Thread 3 ] DEBUG Engine               - isBrowser: false
01:48:57.669 [FXGL Background Thread 3 ] DEBUG Engine               - isClickFeedbackEnabled: false
01:48:57.669 [FXGL Background Thread 3 ] DEBUG Engine               - isCloseConfirmation: false
01:48:57.669 [FXGL Background Thread 3 ] DEBUG Engine               - isDesktop: true
01:48:57.669 [FXGL Background Thread 3 ] DEBUG Engine               - isDeveloperMenuEnabled: false
01:48:57.670 [FXGL Background Thread 3 ] DEBUG Engine               - isEmbedded: false
01:48:57.670 [FXGL Background Thread 3 ] DEBUG Engine               - isEntityPreloadEnabled: true
01:48:57.670 [FXGL Background Thread 3 ] DEBUG Engine               - isExperimentalTiledLargeMap: false
01:48:57.670 [FXGL Background Thread 3 ] DEBUG Engine               - isFileSystemWriteAllowed: true
01:48:57.670 [FXGL Background Thread 3 ] DEBUG Engine               - isFullScreenAllowed: false
01:48:57.671 [FXGL Background Thread 3 ] DEBUG Engine               - isFullScreenFromStart: false
01:48:57.671 [FXGL Background Thread 3 ] DEBUG Engine               - isGameMenuEnabled: true
01:48:57.671 [FXGL Background Thread 3 ] DEBUG Engine               - isIOS: false
01:48:57.671 [FXGL Background Thread 3 ] DEBUG Engine               - isIntroEnabled: false
01:48:57.671 [FXGL Background Thread 3 ] DEBUG Engine               - isLinux: false
01:48:57.672 [FXGL Background Thread 3 ] DEBUG Engine               - isMac: false
01:48:57.672 [FXGL Background Thread 3 ] DEBUG Engine               - isMainMenuEnabled: false
01:48:57.672 [FXGL Background Thread 3 ] DEBUG Engine               - isManualResizeEnabled: false
01:48:57.672 [FXGL Background Thread 3 ] DEBUG Engine               - isMobile: false
01:48:57.672 [FXGL Background Thread 3 ] DEBUG Engine               - isNative: false
01:48:57.672 [FXGL Background Thread 3 ] DEBUG Engine               - isPauseMusicWhenMinimized: true
01:48:57.673 [FXGL Background Thread 3 ] DEBUG Engine               - isPreserveResizeRatio: false
01:48:57.673 [FXGL Background Thread 3 ] DEBUG Engine               - isProfilingEnabled: false
01:48:57.673 [FXGL Background Thread 3 ] DEBUG Engine               - isScaleAffectedOnResize: true
01:48:57.673 [FXGL Background Thread 3 ] DEBUG Engine               - isSingleStep: false
01:48:57.673 [FXGL Background Thread 3 ] DEBUG Engine               - isUserProfileEnabled: false
01:48:57.673 [FXGL Background Thread 3 ] DEBUG Engine               - isWindows: true
01:48:57.674 [FXGL Background Thread 3 ] DEBUG Engine               - language: ObjectProperty [value: ENGLISH]
01:48:57.674 [FXGL Background Thread 3 ] DEBUG Engine               - menuKey: ESCAPE
01:48:57.674 [FXGL Background Thread 3 ] DEBUG Engine               - mouseSensitivity: 0.2
01:48:57.674 [FXGL Background Thread 3 ] DEBUG Engine               - notificationViewClass: class com.almasb.fxgl.notification.view.XboxNotificationView
01:48:57.674 [FXGL Background Thread 3 ] DEBUG Engine               - pixelsPerMeter: 50.0
01:48:57.675 [FXGL Background Thread 3 ] DEBUG Engine               - platform: WINDOWS
01:48:57.675 [FXGL Background Thread 3 ] DEBUG Engine               - prefHeightProperty: ReadOnlyDoubleProperty [value: 600.0]
01:48:57.675 [FXGL Background Thread 3 ] DEBUG Engine               - prefWidthProperty: ReadOnlyDoubleProperty [value: 800.0]
01:48:57.675 [FXGL Background Thread 3 ] DEBUG Engine               - profileDir: profiles/
01:48:57.676 [FXGL Background Thread 3 ] DEBUG Engine               - profileName: StringProperty [value: DEFAULT]
01:48:57.676 [FXGL Background Thread 3 ] DEBUG Engine               - randomSeed: -1
01:48:57.677 [FXGL Background Thread 3 ] DEBUG Engine               - runtimeInfo: RuntimeInfo(platform=WINDOWS, version=17.3, build=30.03.2023 11.49)
01:48:57.677 [FXGL Background Thread 3 ] DEBUG Engine               - saveFileExt: sav
01:48:57.677 [FXGL Background Thread 3 ] DEBUG Engine               - scaledHeightProp$fxgl: DoubleProperty [bound, value: 600.0]
01:48:57.678 [FXGL Background Thread 3 ] DEBUG Engine               - scaledWidthProp$fxgl: DoubleProperty [bound, value: 800.0]
01:48:57.678 [FXGL Background Thread 3 ] DEBUG Engine               - sceneFactory: com.almasb.fxgl.app.scene.SceneFactory@561566a1
01:48:57.678 [FXGL Background Thread 3 ] DEBUG Engine               - secondsIn24h: 60
01:48:57.678 [FXGL Background Thread 3 ] DEBUG Engine               - soundMenuBack: menu/back.wav
01:48:57.679 [FXGL Background Thread 3 ] DEBUG Engine               - soundMenuPress: menu/press.wav
01:48:57.679 [FXGL Background Thread 3 ] DEBUG Engine               - soundMenuSelect: menu/select.wav
01:48:57.679 [FXGL Background Thread 3 ] DEBUG Engine               - soundNotification: core/notification.wav
01:48:57.679 [FXGL Background Thread 3 ] DEBUG Engine               - stageStyle: DECORATED
01:48:57.679 [FXGL Background Thread 3 ] DEBUG Engine               - supportedLanguages: [ENGLISH, FRENCH, GERMAN, HUNGARIAN, RUSSIAN]
01:48:57.679 [FXGL Background Thread 3 ] DEBUG Engine               - ticksPerSecond: -1
01:48:57.680 [FXGL Background Thread 3 ] DEBUG Engine               - title: Game App
01:48:57.680 [FXGL Background Thread 3 ] DEBUG Engine               - urlGithub: https://github.com/AlmasB/FXGL
01:48:57.680 [FXGL Background Thread 3 ] DEBUG Engine               - urlLeaderboard: http://fxgl-top.herokuapp.com/
01:48:57.680 [FXGL Background Thread 3 ] DEBUG Engine               - urlPOM: https://raw.githubusercontent.com/AlmasB/FXGL/release/README.md
01:48:57.680 [FXGL Background Thread 3 ] DEBUG Engine               - userAppClass: class org.example.Run
01:48:57.680 [FXGL Background Thread 3 ] DEBUG Engine               - version: 0.0
01:48:57.681 [FXGL Background Thread 3 ] DEBUG Engine               - versionCheckDays: 7
01:48:57.681 [FXGL Background Thread 3 ] DEBUG Engine               - width: 800
01:48:57.681 [FXGL Background Thread 3 ] DEBUG Engine               - Logging services
01:48:57.681 [FXGL Background Thread 3 ] DEBUG Engine               - class com.almasb.fxgl.app.services.FXGLAssetLoaderService
01:48:57.681 [FXGL Background Thread 3 ] DEBUG Engine               - class com.almasb.fxgl.app.FXGLApplication$GameApplicationService
01:48:57.682 [FXGL Background Thread 3 ] DEBUG Engine               - class com.almasb.fxgl.app.services.FXGLDialogService
01:48:57.682 [FXGL Background Thread 3 ] DEBUG Engine               - class com.almasb.fxgl.app.services.IOTaskExecutorService
01:48:57.682 [FXGL Background Thread 3 ] DEBUG Engine               - class com.almasb.fxgl.io.FileSystemService
01:48:57.682 [FXGL Background Thread 3 ] DEBUG Engine               - class com.almasb.fxgl.localization.LocalizationService
01:48:57.682 [FXGL Background Thread 3 ] DEBUG Engine               - class com.almasb.fxgl.app.services.SystemBundleService
01:48:57.682 [FXGL Background Thread 3 ] DEBUG Engine               - class com.almasb.fxgl.profile.SaveLoadService
01:48:57.682 [FXGL Background Thread 3 ] DEBUG Engine               - class com.almasb.fxgl.ui.FXGLUIFactoryServiceProvider
01:48:57.683 [FXGL Background Thread 3 ] DEBUG Engine               - class com.almasb.fxgl.ui.FXGLDialogFactoryServiceProvider
01:48:57.683 [FXGL Background Thread 3 ] DEBUG Engine               - class com.almasb.fxgl.audio.AudioPlayer
01:48:57.684 [FXGL Background Thread 3 ] DEBUG Engine               - class com.almasb.fxgl.notification.impl.NotificationServiceProvider
01:48:57.684 [FXGL Background Thread 3 ] DEBUG Engine               - class com.almasb.fxgl.achievement.AchievementService
01:48:57.684 [FXGL Background Thread 3 ] DEBUG Engine               - class com.almasb.fxgl.cutscene.CutsceneService
01:48:57.684 [FXGL Background Thread 3 ] DEBUG Engine               - class com.almasb.fxgl.minigames.MiniGameService
01:48:57.684 [FXGL Background Thread 3 ] DEBUG Engine               - class com.almasb.fxgl.net.NetService
01:48:57.684 [FXGL Background Thread 3 ] DEBUG Engine               - class com.almasb.fxgl.app.services.UpdaterService
01:48:57.685 [FXGL Background Thread 3 ] DEBUG Engine               - class com.almasb.fxgl.dev.DevService
01:48:58.497 [JavaFX Application Thread] WARN  GameWorld            - Entity is already attached to world
01:48:59.439 [JavaFX Application Thread] WARN  GameWorld            - Entity is already attached to world
01:49:00.447 [JavaFX Application Thread] WARN  GameWorld            - Entity is already attached to world
01:49:01.439 [JavaFX Application Thread] WARN  GameWorld            - Entity is already attached to world
01:49:02.447 [JavaFX Application Thread] WARN  GameWorld            - Entity is already attached to world
01:49:03.438 [JavaFX Application Thread] WARN  GameWorld            - Entity is already attached to world
01:49:04.447 [JavaFX Application Thread] WARN  GameWorld            - Entity is already attached to world
01:49:09.313 [JavaFX Application Thread] DEBUG FXGLApplication      - Exiting FXGL
01:49:09.313 [JavaFX Application Thread] DEBUG LoopRunner           - Stopping loop
01:49:09.313 [JavaFX Application Thread] DEBUG SystemBundleService  - Saving FXGL system data
01:49:09.314 [JavaFX Application Thread] DEBUG FileSystemAccess     - Writing to: D:\SEMESTR_IV_PROGRAMY\JAVA\TestGame\TestGame\system\fxgl.bundle
01:49:09.318 [JavaFX Application Thread] DEBUG Async                - Shutting down background threads
01:49:09.318 [JavaFX Application Thread] DEBUG PrimaryStageWindow   - Closing main window
01:49:09.331 [JavaFX Application Thread] DEBUG Logger               - Closing Logger
