01:52:13.978 [main                     ] DEBUG Logger               - Configured Logger
01:52:14.002 [main                     ] DEBUG GameApplication      - Logging settings
Title: Game App
Version: 0.0
Width: 800
Height: 600
Fullscreen: false
Intro: false
Profiling: false
Single step:false
App Mode: DEVELOPER
Menu Key: ESCAPE
Stage Style: DECORATED
Scene Factory: class com.almasb.fxgl.app.scene.SceneFactory

01:52:14.578 [JavaFX Application Thread] DEBUG FXGLApplication      - Initializing FXGL
01:52:14.580 [JavaFX Application Thread] INFO  Engine               - FXGL-17.3 (30.03.2023 11.49) on WINDOWS (J:21.0.2 FX:20)
01:52:14.582 [JavaFX Application Thread] DEBUG Engine               - JRE Vendor Name: Oracle Corporation
01:52:14.582 [JavaFX Application Thread] DEBUG Engine               - Running on OS: Windows 11 version 10.0
01:52:14.582 [JavaFX Application Thread] DEBUG Engine               - Architecture: amd64
01:52:14.582 [JavaFX Application Thread] INFO  Engine               - Source code and latest versions at: https://github.com/AlmasB/FXGL
01:52:14.582 [JavaFX Application Thread] INFO  Engine               -       Ask questions and discuss at: https://github.com/AlmasB/FXGL/discussions
01:52:14.583 [JavaFX Application Thread] INFO  Engine               -              Join the FXGL chat at: https://gitter.im/AlmasB/FXGL
01:52:14.703 [JavaFX Application Thread] DEBUG PrimaryStageWindow   - Creating a JavaFX scene
01:52:14.754 [JavaFX Application Thread] DEBUG PrimaryStageWindow   - Target settings size: 800.0 x 600.0
01:52:14.754 [JavaFX Application Thread] DEBUG PrimaryStageWindow   - Scaled scene size:    800.0 x 600.0
01:52:14.755 [JavaFX Application Thread] DEBUG PrimaryStageWindow   - Scaled ratio: (1.0, 1.0)
01:52:14.756 [JavaFX Application Thread] DEBUG PrimaryStageWindow   - Set initial scene to FXGLStartupScene
01:52:14.759 [JavaFX Application Thread] DEBUG PrimaryStageWindow   - Opening main window
01:52:14.847 [JavaFX Application Thread] DEBUG PrimaryStageWindow   - Window border size: (16.0, 39.0)
01:52:14.848 [JavaFX Application Thread] DEBUG PrimaryStageWindow   - Scaled size: 800.0 x 600.0
01:52:14.848 [JavaFX Application Thread] DEBUG PrimaryStageWindow   - Scaled ratio: (1.0, 1.0)
01:52:14.848 [JavaFX Application Thread] DEBUG PrimaryStageWindow   - Scene size: 800.0 x 600.0
01:52:14.848 [JavaFX Application Thread] DEBUG PrimaryStageWindow   - Stage size: 816.0 x 639.0
01:52:14.858 [FXGL Background Thread 1 ] DEBUG Engine               - Initializing environment variables
01:52:14.925 [FXGL Background Thread 1 ] DEBUG FXGLAssetLoaderServi - User app class for loading assets: class org.example.Run
01:52:14.925 [FXGL Background Thread 1 ] DEBUG GameApplicationServi - Applying CSS: fxgl_dark.css
01:52:14.926 [FXGL Background Thread 1 ] DEBUG FXGLAssetLoaderServi - Loading from file system: jar:file:/C:/Users/kozim/.m2/repository/com/github/almasb/fxgl/17.3/fxgl-17.3.jar!/fxglassets/ui/css/fxgl_dark.css
01:52:14.973 [FXGL Background Thread 1 ] DEBUG GameApplicationServi - Initializing application scenes
01:52:15.010 [FXGL Background Thread 1 ] DEBUG GameWorld            - Game world initialized
01:52:15.093 [FXGL Background Thread 1 ] DEBUG PhysicsWorld         - Physics world initialized: appHeight=600, physics.ppm=50,0
01:52:15.093 [FXGL Background Thread 1 ] DEBUG PhysicsWorld         - Using strategy: BRUTE_FORCE
01:52:15.098 [FXGL Background Thread 1 ] DEBUG GameScene            - Game scene initialized: 800x600
01:52:15.113 [FXGL Background Thread 1 ] DEBUG FXGL.DefaultMenu     - createMenuBodyGameMenu()
01:52:15.125 [FXGL Background Thread 1 ] DEBUG FXGL.DefaultMenu     - createOptionsMenu()
01:52:15.133 [FXGL Background Thread 1 ] DEBUG FXGLAssetLoaderServi - Loading from file system: jar:file:/C:/Users/kozim/.m2/repository/com/github/almasb/fxgl/17.3/fxgl-17.3.jar!/fxglassets/textures/particles/smoke.png
01:52:15.235 [FXGL Background Thread 1 ] DEBUG FXGLAssetLoaderServi - Loading from file system: jar:file:/C:/Users/kozim/.m2/repository/com/github/almasb/fxgl/17.3/fxgl-17.3.jar!/fxglassets/textures/particles/trace_horizontal.png
01:52:15.260 [FXGL Background Thread 1 ] DEBUG GameApplicationServi - Application scenes initialized
01:52:15.276 [FXGL Background Thread 1 ] DEBUG SystemBundleService  - Loading FXGL system data
01:52:15.279 [FXGL Background Thread 1 ] DEBUG FileSystemAccess     - Reading from: D:\SEMESTR_IV_PROGRAMY\JAVA\TestGame\TestGame\system\fxgl.bundle
01:52:15.289 [FXGL Background Thread 1 ] DEBUG SystemBundleService  - Bundle FXGL: {}
01:52:15.289 [FXGL Background Thread 1 ] DEBUG UpdaterService       - Checking for updates
01:52:15.293 [FXGL Background Thread 4 ] DEBUG FXGLApplication      - Loading fonts
01:52:15.294 [FXGL Background Thread 4 ] DEBUG FXGLAssetLoaderServi - Loading from file system: jar:file:/C:/Users/kozim/.m2/repository/com/github/almasb/fxgl/17.3/fxgl-17.3.jar!/fxglassets/ui/fonts/VarelaRound-Regular.ttf
01:52:15.295 [FXGL Background Thread 1 ] DEBUG FXGLApplication      - Loading default localization
01:52:15.295 [FXGL Background Thread 1 ] DEBUG FXGLAssetLoaderServi - Loading from file system: jar:file:/C:/Users/kozim/.m2/repository/com/github/almasb/fxgl/17.3/fxgl-17.3.jar!/fxglassets/languages/english.lang
01:52:15.327 [FXGL Background Thread 1 ] INFO  FXGLApplication      - FXGL initialization took: 0,469 sec
01:52:15.329 [JavaFX Application Thread] DEBUG FXGLAssetLoaderServi - Loading from file system: jar:file:/C:/Users/kozim/.m2/repository/com/github/almasb/fxgl/17.3/fxgl-17.3.jar!/fxglassets/textures/fxgl_icon.png
01:52:15.329 [FXGL Background Thread 4 ] DEBUG FXGLAssetLoaderServi - Loading from file system: jar:file:/C:/Users/kozim/.m2/repository/com/github/almasb/fxgl/17.3/fxgl-17.3.jar!/fxglassets/ui/fonts/Abel-Regular.ttf
01:52:15.333 [FXGL Background Thread 4 ] DEBUG FXGLAssetLoaderServi - Loading from file system: jar:file:/C:/Users/kozim/.m2/repository/com/github/almasb/fxgl/17.3/fxgl-17.3.jar!/fxglassets/ui/fonts/TerminalLandMono-Regular.otf
01:52:15.339 [FXGL Background Thread 4 ] DEBUG FXGLAssetLoaderServi - Loading from file system: jar:file:/C:/Users/kozim/.m2/repository/com/github/almasb/fxgl/17.3/fxgl-17.3.jar!/fxglassets/ui/fonts/Courier-Prime.ttf
01:52:15.349 [JavaFX Application Thread] DEBUG FXGLAssetLoaderServi - Loading from file system: jar:file:/C:/Users/kozim/.m2/repository/com/github/almasb/fxgl/17.3/fxgl-17.3.jar!/fxglassets/textures/fxgl_default_cursor.png
01:52:15.365 [JavaFX Application Thread] DEBUG Input                - Registered new binding: Screenshot - CTRL+8
01:52:15.366 [JavaFX Application Thread] DEBUG Input                - Registered new binding: System info dump - CTRL+9
01:52:15.366 [JavaFX Application Thread] DEBUG Input                - Registered new binding: Restart - CTRL+R
01:52:15.367 [JavaFX Application Thread] DEBUG Input                - Registered new binding: Toggle Debug Camera - CTRL+7
01:52:15.372 [JavaFX Application Thread] DEBUG LoopRunner           - Starting loop
01:52:15.372 [JavaFX Application Thread] DEBUG LoopRunner           - Initializing JavaFX AnimationTimerLoop
01:52:15.373 [JavaFX Application Thread] DEBUG GameApplicationServi - Starting new game
01:52:15.374 [JavaFX Application Thread] DEBUG Input                - Clearing active input actions
01:52:15.384 [JavaFX Application Thread] DEBUG GameApplicationServi - Removing overlay from FXGLStartupScene and adding to FXGLLoadingScene
01:52:15.384 [JavaFX Application Thread] DEBUG PrimaryStageWindow   - FXGLStartupScene -> FXGLLoadingScene
01:52:15.384 [JavaFX Application Thread] DEBUG GameApplicationServi - Clearing previous game
01:52:15.384 [JavaFX Application Thread] DEBUG GameScene            - Clearing game scene
01:52:15.384 [JavaFX Application Thread] DEBUG GameWorld            - Clearing game world
01:52:15.385 [JavaFX Application Thread] DEBUG PhysicsWorld         - Clearing physics world
01:52:15.386 [FXGL Background Thread 4 ] DEBUG FXGLApplication      - Initializing game
01:52:15.386 [JavaFX Application Thread] DEBUG FXGLApplication      - Registering font factories with UI factory
01:52:15.397 [FXGL Background Thread 4 ] INFO  FXGLApplication      - Game initialization took: 0,011 sec
01:52:15.426 [JavaFX Application Thread] DEBUG Input                - Clearing active input actions
01:52:15.436 [JavaFX Application Thread] DEBUG GameApplicationServi - Removing overlay from FXGLLoadingScene and adding to GameScene
01:52:15.436 [JavaFX Application Thread] DEBUG PrimaryStageWindow   - FXGLLoadingScene -> GameScene
01:52:15.744 [FXGL Background Thread 2 ] INFO  UpdaterService       - Your current version:  17.3
01:52:15.744 [FXGL Background Thread 2 ] INFO  UpdaterService       - Latest stable version: 21.1
01:52:16.441 [JavaFX Application Thread] DEBUG FXGLAssetLoaderServi - Loading from file system: file:/D:/SEMESTR_IV_PROGRAMY/JAVA/TestGame/TestGame/target/classes/assets/textures/enemy_1.png
01:52:16.593 [JavaFX Application Thread] WARN  GameWorld            - Entity is already attached to world
01:52:17.427 [JavaFX Application Thread] WARN  GameWorld            - Entity is already attached to world
01:52:18.277 [JavaFX Application Thread] WARN  GameWorld            - Entity is already attached to world
01:52:18.292 [FXGL Background Thread 3 ] DEBUG Engine               - Logging environment variables
01:52:18.293 [FXGL Background Thread 3 ] DEBUG Engine               - achievements: []
01:52:18.293 [FXGL Background Thread 3 ] DEBUG Engine               - actualHeight: 600.0
01:52:18.294 [FXGL Background Thread 3 ] DEBUG Engine               - actualHeightProperty: ReadOnlyDoubleProperty [value: 600.0]
01:52:18.294 [FXGL Background Thread 3 ] DEBUG Engine               - actualWidth: 800.0
01:52:18.294 [FXGL Background Thread 3 ] DEBUG Engine               - actualWidthProperty: ReadOnlyDoubleProperty [value: 800.0]
01:52:18.294 [FXGL Background Thread 3 ] DEBUG Engine               - appIcon: fxgl_icon.png
01:52:18.295 [FXGL Background Thread 3 ] DEBUG Engine               - applicationMode: DEVELOPER
01:52:18.295 [FXGL Background Thread 3 ] DEBUG Engine               - cSSList: [fxgl_dark.css]
01:52:18.295 [FXGL Background Thread 3 ] DEBUG Engine               - collisionDetectionStrategy: BRUTE_FORCE
01:52:18.295 [FXGL Background Thread 3 ] DEBUG Engine               - configClass: Optional.empty
01:52:18.295 [FXGL Background Thread 3 ] DEBUG Engine               - credits: []
01:52:18.296 [FXGL Background Thread 3 ] DEBUG Engine               - defaultCursor: CursorInfo(imageName=fxgl_default_cursor.png, hotspotX=7.0, hotspotY=6.0)
01:52:18.297 [FXGL Background Thread 3 ] DEBUG Engine               - devBBoxColorProperty: ObjectProperty [value: 0xff0000ff]
01:52:18.298 [FXGL Background Thread 3 ] DEBUG Engine               - devEnableDebugCameraProperty: BooleanProperty [value: false]
01:52:18.298 [FXGL Background Thread 3 ] DEBUG Engine               - devSensorColorProperty: ObjectProperty [value: 0xffff00ff]
01:52:18.298 [FXGL Background Thread 3 ] DEBUG Engine               - devShowBBoxProperty: BooleanProperty [value: false]
01:52:18.298 [FXGL Background Thread 3 ] DEBUG Engine               - devShowPositionProperty: BooleanProperty [value: false]
01:52:18.299 [FXGL Background Thread 3 ] DEBUG Engine               - enabledMenuItems: []
01:52:18.299 [FXGL Background Thread 3 ] DEBUG Engine               - engineServices: [class com.almasb.fxgl.app.services.FXGLAssetLoaderService, class com.almasb.fxgl.app.FXGLApplication$GameApplicationService, class com.almasb.fxgl.app.services.FXGLDialogService, class com.almasb.fxgl.app.services.IOTaskExecutorService, class com.almasb.fxgl.io.FileSystemService, class com.almasb.fxgl.localization.LocalizationService, class com.almasb.fxgl.app.services.SystemBundleService, class com.almasb.fxgl.profile.SaveLoadService, class com.almasb.fxgl.ui.FXGLUIFactoryServiceProvider, class com.almasb.fxgl.ui.FXGLDialogFactoryServiceProvider, class com.almasb.fxgl.audio.AudioPlayer, class com.almasb.fxgl.notification.impl.NotificationServiceProvider, class com.almasb.fxgl.achievement.AchievementService, class com.almasb.fxgl.cutscene.CutsceneService, class com.almasb.fxgl.minigames.MiniGameService, class com.almasb.fxgl.net.NetService, class com.almasb.fxgl.app.services.UpdaterService, class com.almasb.fxgl.dev.DevService]
01:52:18.299 [FXGL Background Thread 3 ] DEBUG Engine               - fontGame: Abel-Regular.ttf
01:52:18.300 [FXGL Background Thread 3 ] DEBUG Engine               - fontMono: TerminalLandMono-Regular.otf
01:52:18.300 [FXGL Background Thread 3 ] DEBUG Engine               - fontSizeScaleUI: 1.0
01:52:18.300 [FXGL Background Thread 3 ] DEBUG Engine               - fontText: Courier-Prime.ttf
01:52:18.302 [FXGL Background Thread 3 ] DEBUG Engine               - fontUI: VarelaRound-Regular.ttf
01:52:18.302 [FXGL Background Thread 3 ] DEBUG Engine               - fullScreen: BooleanProperty [value: false]
01:52:18.302 [FXGL Background Thread 3 ] DEBUG Engine               - gameDifficulty: MEDIUM
01:52:18.303 [FXGL Background Thread 3 ] DEBUG Engine               - gameDifficultyProperty: ObjectProperty [value: MEDIUM]
01:52:18.303 [FXGL Background Thread 3 ] DEBUG Engine               - globalMusicVolume: 0.5
01:52:18.303 [FXGL Background Thread 3 ] DEBUG Engine               - globalMusicVolumeProperty: DoubleProperty [value: 0.5]
01:52:18.304 [FXGL Background Thread 3 ] DEBUG Engine               - globalSoundVolume: 0.5
01:52:18.304 [FXGL Background Thread 3 ] DEBUG Engine               - globalSoundVolumeProperty: DoubleProperty [value: 0.5]
01:52:18.304 [FXGL Background Thread 3 ] DEBUG Engine               - height: 600
01:52:18.305 [FXGL Background Thread 3 ] DEBUG Engine               - is3D: false
01:52:18.305 [FXGL Background Thread 3 ] DEBUG Engine               - isAndroid: false
01:52:18.305 [FXGL Background Thread 3 ] DEBUG Engine               - isBrowser: false
01:52:18.305 [FXGL Background Thread 3 ] DEBUG Engine               - isClickFeedbackEnabled: false
01:52:18.305 [FXGL Background Thread 3 ] DEBUG Engine               - isCloseConfirmation: false
01:52:18.305 [FXGL Background Thread 3 ] DEBUG Engine               - isDesktop: true
01:52:18.306 [FXGL Background Thread 3 ] DEBUG Engine               - isDeveloperMenuEnabled: false
01:52:18.306 [FXGL Background Thread 3 ] DEBUG Engine               - isEmbedded: false
01:52:18.306 [FXGL Background Thread 3 ] DEBUG Engine               - isEntityPreloadEnabled: true
01:52:18.306 [FXGL Background Thread 3 ] DEBUG Engine               - isExperimentalTiledLargeMap: false
01:52:18.306 [FXGL Background Thread 3 ] DEBUG Engine               - isFileSystemWriteAllowed: true
01:52:18.307 [FXGL Background Thread 3 ] DEBUG Engine               - isFullScreenAllowed: false
01:52:18.307 [FXGL Background Thread 3 ] DEBUG Engine               - isFullScreenFromStart: false
01:52:18.307 [FXGL Background Thread 3 ] DEBUG Engine               - isGameMenuEnabled: true
01:52:18.307 [FXGL Background Thread 3 ] DEBUG Engine               - isIOS: false
01:52:18.307 [FXGL Background Thread 3 ] DEBUG Engine               - isIntroEnabled: false
01:52:18.308 [FXGL Background Thread 3 ] DEBUG Engine               - isLinux: false
01:52:18.308 [FXGL Background Thread 3 ] DEBUG Engine               - isMac: false
01:52:18.308 [FXGL Background Thread 3 ] DEBUG Engine               - isMainMenuEnabled: false
01:52:18.308 [FXGL Background Thread 3 ] DEBUG Engine               - isManualResizeEnabled: false
01:52:18.308 [FXGL Background Thread 3 ] DEBUG Engine               - isMobile: false
01:52:18.309 [FXGL Background Thread 3 ] DEBUG Engine               - isNative: false
01:52:18.309 [FXGL Background Thread 3 ] DEBUG Engine               - isPauseMusicWhenMinimized: true
01:52:18.309 [FXGL Background Thread 3 ] DEBUG Engine               - isPreserveResizeRatio: false
01:52:18.309 [FXGL Background Thread 3 ] DEBUG Engine               - isProfilingEnabled: false
01:52:18.309 [FXGL Background Thread 3 ] DEBUG Engine               - isScaleAffectedOnResize: true
01:52:18.309 [FXGL Background Thread 3 ] DEBUG Engine               - isSingleStep: false
01:52:18.310 [FXGL Background Thread 3 ] DEBUG Engine               - isUserProfileEnabled: false
01:52:18.310 [FXGL Background Thread 3 ] DEBUG Engine               - isWindows: true
01:52:18.310 [FXGL Background Thread 3 ] DEBUG Engine               - language: ObjectProperty [value: ENGLISH]
01:52:18.310 [FXGL Background Thread 3 ] DEBUG Engine               - menuKey: ESCAPE
01:52:18.310 [FXGL Background Thread 3 ] DEBUG Engine               - mouseSensitivity: 0.2
01:52:18.311 [FXGL Background Thread 3 ] DEBUG Engine               - notificationViewClass: class com.almasb.fxgl.notification.view.XboxNotificationView
01:52:18.311 [FXGL Background Thread 3 ] DEBUG Engine               - pixelsPerMeter: 50.0
01:52:18.311 [FXGL Background Thread 3 ] DEBUG Engine               - platform: WINDOWS
01:52:18.311 [FXGL Background Thread 3 ] DEBUG Engine               - prefHeightProperty: ReadOnlyDoubleProperty [value: 600.0]
01:52:18.311 [FXGL Background Thread 3 ] DEBUG Engine               - prefWidthProperty: ReadOnlyDoubleProperty [value: 800.0]
01:52:18.311 [FXGL Background Thread 3 ] DEBUG Engine               - profileDir: profiles/
01:52:18.312 [FXGL Background Thread 3 ] DEBUG Engine               - profileName: StringProperty [value: DEFAULT]
01:52:18.312 [FXGL Background Thread 3 ] DEBUG Engine               - randomSeed: -1
01:52:18.312 [FXGL Background Thread 3 ] DEBUG Engine               - runtimeInfo: RuntimeInfo(platform=WINDOWS, version=17.3, build=30.03.2023 11.49)
01:52:18.312 [FXGL Background Thread 3 ] DEBUG Engine               - saveFileExt: sav
01:52:18.314 [FXGL Background Thread 3 ] DEBUG Engine               - scaledHeightProp$fxgl: DoubleProperty [bound, value: 600.0]
01:52:18.314 [FXGL Background Thread 3 ] DEBUG Engine               - scaledWidthProp$fxgl: DoubleProperty [bound, value: 800.0]
01:52:18.314 [FXGL Background Thread 3 ] DEBUG Engine               - sceneFactory: com.almasb.fxgl.app.scene.SceneFactory@523318fa
01:52:18.314 [FXGL Background Thread 3 ] DEBUG Engine               - secondsIn24h: 60
01:52:18.315 [FXGL Background Thread 3 ] DEBUG Engine               - soundMenuBack: menu/back.wav
01:52:18.315 [FXGL Background Thread 3 ] DEBUG Engine               - soundMenuPress: menu/press.wav
01:52:18.315 [FXGL Background Thread 3 ] DEBUG Engine               - soundMenuSelect: menu/select.wav
01:52:18.315 [FXGL Background Thread 3 ] DEBUG Engine               - soundNotification: core/notification.wav
01:52:18.316 [FXGL Background Thread 3 ] DEBUG Engine               - stageStyle: DECORATED
01:52:18.316 [FXGL Background Thread 3 ] DEBUG Engine               - supportedLanguages: [ENGLISH, FRENCH, GERMAN, HUNGARIAN, RUSSIAN]
01:52:18.316 [FXGL Background Thread 3 ] DEBUG Engine               - ticksPerSecond: -1
01:52:18.316 [FXGL Background Thread 3 ] DEBUG Engine               - title: Game App
01:52:18.317 [FXGL Background Thread 3 ] DEBUG Engine               - urlGithub: https://github.com/AlmasB/FXGL
01:52:18.317 [FXGL Background Thread 3 ] DEBUG Engine               - urlLeaderboard: http://fxgl-top.herokuapp.com/
01:52:18.317 [FXGL Background Thread 3 ] DEBUG Engine               - urlPOM: https://raw.githubusercontent.com/AlmasB/FXGL/release/README.md
01:52:18.317 [FXGL Background Thread 3 ] DEBUG Engine               - userAppClass: class org.example.Run
01:52:18.318 [FXGL Background Thread 3 ] DEBUG Engine               - version: 0.0
01:52:18.318 [FXGL Background Thread 3 ] DEBUG Engine               - versionCheckDays: 7
01:52:18.318 [FXGL Background Thread 3 ] DEBUG Engine               - width: 800
01:52:18.318 [FXGL Background Thread 3 ] DEBUG Engine               - Logging services
01:52:18.318 [FXGL Background Thread 3 ] DEBUG Engine               - class com.almasb.fxgl.app.services.FXGLAssetLoaderService
01:52:18.319 [FXGL Background Thread 3 ] DEBUG Engine               - class com.almasb.fxgl.app.FXGLApplication$GameApplicationService
01:52:18.319 [FXGL Background Thread 3 ] DEBUG Engine               - class com.almasb.fxgl.app.services.FXGLDialogService
01:52:18.319 [FXGL Background Thread 3 ] DEBUG Engine               - class com.almasb.fxgl.app.services.IOTaskExecutorService
01:52:18.319 [FXGL Background Thread 3 ] DEBUG Engine               - class com.almasb.fxgl.io.FileSystemService
01:52:18.319 [FXGL Background Thread 3 ] DEBUG Engine               - class com.almasb.fxgl.localization.LocalizationService
01:52:18.319 [FXGL Background Thread 3 ] DEBUG Engine               - class com.almasb.fxgl.app.services.SystemBundleService
01:52:18.320 [FXGL Background Thread 3 ] DEBUG Engine               - class com.almasb.fxgl.profile.SaveLoadService
01:52:18.320 [FXGL Background Thread 3 ] DEBUG Engine               - class com.almasb.fxgl.ui.FXGLUIFactoryServiceProvider
01:52:18.320 [FXGL Background Thread 3 ] DEBUG Engine               - class com.almasb.fxgl.ui.FXGLDialogFactoryServiceProvider
01:52:18.320 [FXGL Background Thread 3 ] DEBUG Engine               - class com.almasb.fxgl.audio.AudioPlayer
01:52:18.320 [FXGL Background Thread 3 ] DEBUG Engine               - class com.almasb.fxgl.notification.impl.NotificationServiceProvider
01:52:18.320 [FXGL Background Thread 3 ] DEBUG Engine               - class com.almasb.fxgl.achievement.AchievementService
01:52:18.320 [FXGL Background Thread 3 ] DEBUG Engine               - class com.almasb.fxgl.cutscene.CutsceneService
01:52:18.321 [FXGL Background Thread 3 ] DEBUG Engine               - class com.almasb.fxgl.minigames.MiniGameService
01:52:18.321 [FXGL Background Thread 3 ] DEBUG Engine               - class com.almasb.fxgl.net.NetService
01:52:18.321 [FXGL Background Thread 3 ] DEBUG Engine               - class com.almasb.fxgl.app.services.UpdaterService
01:52:18.321 [FXGL Background Thread 3 ] DEBUG Engine               - class com.almasb.fxgl.dev.DevService
01:52:19.123 [JavaFX Application Thread] WARN  GameWorld            - Entity is already attached to world
01:52:20.067 [JavaFX Application Thread] WARN  GameWorld            - Entity is already attached to world
01:52:21.073 [JavaFX Application Thread] WARN  GameWorld            - Entity is already attached to world
01:52:22.067 [JavaFX Application Thread] WARN  GameWorld            - Entity is already attached to world
01:52:23.075 [JavaFX Application Thread] WARN  GameWorld            - Entity is already attached to world
01:52:24.066 [JavaFX Application Thread] WARN  GameWorld            - Entity is already attached to world
01:52:25.076 [JavaFX Application Thread] WARN  GameWorld            - Entity is already attached to world
01:52:25.998 [JavaFX Application Thread] DEBUG FXGLApplication      - Exiting FXGL
01:52:25.998 [JavaFX Application Thread] DEBUG LoopRunner           - Stopping loop
01:52:25.998 [JavaFX Application Thread] DEBUG SystemBundleService  - Saving FXGL system data
01:52:26.001 [JavaFX Application Thread] DEBUG FileSystemAccess     - Writing to: D:\SEMESTR_IV_PROGRAMY\JAVA\TestGame\TestGame\system\fxgl.bundle
01:52:26.008 [JavaFX Application Thread] DEBUG Async                - Shutting down background threads
01:52:26.009 [JavaFX Application Thread] DEBUG PrimaryStageWindow   - Closing main window
01:52:26.038 [JavaFX Application Thread] DEBUG Logger               - Closing Logger
