01:52:38.289 [main                     ] DEBUG Logger               - Configured Logger
01:52:38.315 [main                     ] DEBUG GameApplication      - Logging settings
Title: Game App
Version: 0.0
Width: 800
Height: 600
Fullscreen: false
Intro: false
Profiling: false
Single step:false
App Mode: DEVELOPER
Menu Key: ESCAPE
Stage Style: DECORATED
Scene Factory: class com.almasb.fxgl.app.scene.SceneFactory

01:52:38.865 [JavaFX Application Thread] DEBUG FXGLApplication      - Initializing FXGL
01:52:38.869 [JavaFX Application Thread] INFO  Engine               - FXGL-17.3 (30.03.2023 11.49) on WINDOWS (J:21.0.2 FX:20)
01:52:38.870 [JavaFX Application Thread] DEBUG Engine               - JRE Vendor Name: Oracle Corporation
01:52:38.870 [JavaFX Application Thread] DEBUG Engine               - Running on OS: Windows 11 version 10.0
01:52:38.870 [JavaFX Application Thread] DEBUG Engine               - Architecture: amd64
01:52:38.870 [JavaFX Application Thread] INFO  Engine               - Source code and latest versions at: https://github.com/AlmasB/FXGL
01:52:38.870 [JavaFX Application Thread] INFO  Engine               -       Ask questions and discuss at: https://github.com/AlmasB/FXGL/discussions
01:52:38.870 [JavaFX Application Thread] INFO  Engine               -              Join the FXGL chat at: https://gitter.im/AlmasB/FXGL
01:52:38.978 [JavaFX Application Thread] DEBUG PrimaryStageWindow   - Creating a JavaFX scene
01:52:39.036 [JavaFX Application Thread] DEBUG PrimaryStageWindow   - Target settings size: 800.0 x 600.0
01:52:39.037 [JavaFX Application Thread] DEBUG PrimaryStageWindow   - Scaled scene size:    800.0 x 600.0
01:52:39.037 [JavaFX Application Thread] DEBUG PrimaryStageWindow   - Scaled ratio: (1.0, 1.0)
01:52:39.038 [JavaFX Application Thread] DEBUG PrimaryStageWindow   - Set initial scene to FXGLStartupScene
01:52:39.041 [JavaFX Application Thread] DEBUG PrimaryStageWindow   - Opening main window
01:52:39.146 [JavaFX Application Thread] DEBUG PrimaryStageWindow   - Window border size: (16.0, 39.0)
01:52:39.146 [JavaFX Application Thread] DEBUG PrimaryStageWindow   - Scaled size: 800.0 x 600.0
01:52:39.146 [JavaFX Application Thread] DEBUG PrimaryStageWindow   - Scaled ratio: (1.0, 1.0)
01:52:39.146 [JavaFX Application Thread] DEBUG PrimaryStageWindow   - Scene size: 800.0 x 600.0
01:52:39.147 [JavaFX Application Thread] DEBUG PrimaryStageWindow   - Stage size: 816.0 x 639.0
01:52:39.153 [FXGL Background Thread 1 ] DEBUG Engine               - Initializing environment variables
01:52:39.219 [FXGL Background Thread 1 ] DEBUG FXGLAssetLoaderServi - User app class for loading assets: class org.example.Run
01:52:39.220 [FXGL Background Thread 1 ] DEBUG GameApplicationServi - Applying CSS: fxgl_dark.css
01:52:39.220 [FXGL Background Thread 1 ] DEBUG FXGLAssetLoaderServi - Loading from file system: jar:file:/C:/Users/kozim/.m2/repository/com/github/almasb/fxgl/17.3/fxgl-17.3.jar!/fxglassets/ui/css/fxgl_dark.css
01:52:39.260 [FXGL Background Thread 1 ] DEBUG GameApplicationServi - Initializing application scenes
01:52:39.298 [FXGL Background Thread 1 ] DEBUG GameWorld            - Game world initialized
01:52:39.374 [FXGL Background Thread 1 ] DEBUG PhysicsWorld         - Physics world initialized: appHeight=600, physics.ppm=50,0
01:52:39.375 [FXGL Background Thread 1 ] DEBUG PhysicsWorld         - Using strategy: BRUTE_FORCE
01:52:39.381 [FXGL Background Thread 1 ] DEBUG GameScene            - Game scene initialized: 800x600
01:52:39.393 [FXGL Background Thread 1 ] DEBUG FXGL.DefaultMenu     - createMenuBodyGameMenu()
01:52:39.406 [FXGL Background Thread 1 ] DEBUG FXGL.DefaultMenu     - createOptionsMenu()
01:52:39.414 [FXGL Background Thread 1 ] DEBUG FXGLAssetLoaderServi - Loading from file system: jar:file:/C:/Users/kozim/.m2/repository/com/github/almasb/fxgl/17.3/fxgl-17.3.jar!/fxglassets/textures/particles/smoke.png
01:52:39.528 [FXGL Background Thread 1 ] DEBUG FXGLAssetLoaderServi - Loading from file system: jar:file:/C:/Users/kozim/.m2/repository/com/github/almasb/fxgl/17.3/fxgl-17.3.jar!/fxglassets/textures/particles/trace_horizontal.png
01:52:39.555 [FXGL Background Thread 1 ] DEBUG GameApplicationServi - Application scenes initialized
01:52:39.569 [FXGL Background Thread 1 ] DEBUG SystemBundleService  - Loading FXGL system data
01:52:39.572 [FXGL Background Thread 1 ] DEBUG FileSystemAccess     - Reading from: D:\SEMESTR_IV_PROGRAMY\JAVA\TestGame\TestGame\system\fxgl.bundle
01:52:39.583 [FXGL Background Thread 1 ] DEBUG SystemBundleService  - Bundle FXGL: {}
01:52:39.583 [FXGL Background Thread 1 ] DEBUG UpdaterService       - Checking for updates
01:52:39.588 [FXGL Background Thread 4 ] DEBUG FXGLApplication      - Loading fonts
01:52:39.589 [FXGL Background Thread 4 ] DEBUG FXGLAssetLoaderServi - Loading from file system: jar:file:/C:/Users/kozim/.m2/repository/com/github/almasb/fxgl/17.3/fxgl-17.3.jar!/fxglassets/ui/fonts/VarelaRound-Regular.ttf
01:52:39.590 [FXGL Background Thread 1 ] DEBUG FXGLApplication      - Loading default localization
01:52:39.591 [FXGL Background Thread 1 ] DEBUG FXGLAssetLoaderServi - Loading from file system: jar:file:/C:/Users/kozim/.m2/repository/com/github/almasb/fxgl/17.3/fxgl-17.3.jar!/fxglassets/languages/english.lang
01:52:39.619 [FXGL Background Thread 1 ] INFO  FXGLApplication      - FXGL initialization took: 0,465 sec
01:52:39.620 [JavaFX Application Thread] DEBUG FXGLAssetLoaderServi - Loading from file system: jar:file:/C:/Users/kozim/.m2/repository/com/github/almasb/fxgl/17.3/fxgl-17.3.jar!/fxglassets/textures/fxgl_icon.png
01:52:39.629 [FXGL Background Thread 4 ] DEBUG FXGLAssetLoaderServi - Loading from file system: jar:file:/C:/Users/kozim/.m2/repository/com/github/almasb/fxgl/17.3/fxgl-17.3.jar!/fxglassets/ui/fonts/Abel-Regular.ttf
01:52:39.634 [FXGL Background Thread 4 ] DEBUG FXGLAssetLoaderServi - Loading from file system: jar:file:/C:/Users/kozim/.m2/repository/com/github/almasb/fxgl/17.3/fxgl-17.3.jar!/fxglassets/ui/fonts/TerminalLandMono-Regular.otf
01:52:39.639 [FXGL Background Thread 4 ] DEBUG FXGLAssetLoaderServi - Loading from file system: jar:file:/C:/Users/kozim/.m2/repository/com/github/almasb/fxgl/17.3/fxgl-17.3.jar!/fxglassets/ui/fonts/Courier-Prime.ttf
01:52:39.642 [JavaFX Application Thread] DEBUG FXGLAssetLoaderServi - Loading from file system: jar:file:/C:/Users/kozim/.m2/repository/com/github/almasb/fxgl/17.3/fxgl-17.3.jar!/fxglassets/textures/fxgl_default_cursor.png
01:52:39.657 [JavaFX Application Thread] DEBUG Input                - Registered new binding: Screenshot - CTRL+8
01:52:39.658 [JavaFX Application Thread] DEBUG Input                - Registered new binding: System info dump - CTRL+9
01:52:39.658 [JavaFX Application Thread] DEBUG Input                - Registered new binding: Restart - CTRL+R
01:52:39.659 [JavaFX Application Thread] DEBUG Input                - Registered new binding: Toggle Debug Camera - CTRL+7
01:52:39.663 [JavaFX Application Thread] DEBUG LoopRunner           - Starting loop
01:52:39.663 [JavaFX Application Thread] DEBUG LoopRunner           - Initializing JavaFX AnimationTimerLoop
01:52:39.666 [JavaFX Application Thread] DEBUG GameApplicationServi - Starting new game
01:52:39.666 [JavaFX Application Thread] DEBUG Input                - Clearing active input actions
01:52:39.679 [JavaFX Application Thread] DEBUG GameApplicationServi - Removing overlay from FXGLStartupScene and adding to FXGLLoadingScene
01:52:39.679 [JavaFX Application Thread] DEBUG PrimaryStageWindow   - FXGLStartupScene -> FXGLLoadingScene
01:52:39.679 [JavaFX Application Thread] DEBUG GameApplicationServi - Clearing previous game
01:52:39.679 [JavaFX Application Thread] DEBUG GameScene            - Clearing game scene
01:52:39.679 [JavaFX Application Thread] DEBUG GameWorld            - Clearing game world
01:52:39.680 [JavaFX Application Thread] DEBUG PhysicsWorld         - Clearing physics world
01:52:39.681 [FXGL Background Thread 4 ] DEBUG FXGLApplication      - Initializing game
01:52:39.681 [JavaFX Application Thread] DEBUG FXGLApplication      - Registering font factories with UI factory
01:52:39.691 [FXGL Background Thread 4 ] INFO  FXGLApplication      - Game initialization took: 0,010 sec
01:52:39.727 [JavaFX Application Thread] DEBUG Input                - Clearing active input actions
01:52:39.733 [JavaFX Application Thread] DEBUG GameApplicationServi - Removing overlay from FXGLLoadingScene and adding to GameScene
01:52:39.733 [JavaFX Application Thread] DEBUG PrimaryStageWindow   - FXGLLoadingScene -> GameScene
01:52:40.040 [FXGL Background Thread 2 ] INFO  UpdaterService       - Your current version:  17.3
01:52:40.040 [FXGL Background Thread 2 ] INFO  UpdaterService       - Latest stable version: 21.1
01:52:40.739 [JavaFX Application Thread] DEBUG FXGLAssetLoaderServi - Loading from file system: file:/D:/SEMESTR_IV_PROGRAMY/JAVA/TestGame/TestGame/target/classes/assets/textures/enemy_1.png
01:52:40.827 [JavaFX Application Thread] WARN  GameWorld            - Entity is already attached to world
01:52:41.667 [JavaFX Application Thread] WARN  GameWorld            - Entity is already attached to world
01:52:42.529 [JavaFX Application Thread] WARN  GameWorld            - Entity is already attached to world
01:52:42.588 [FXGL Background Thread 3 ] DEBUG Engine               - Logging environment variables
01:52:42.590 [FXGL Background Thread 3 ] DEBUG Engine               - achievements: []
01:52:42.590 [FXGL Background Thread 3 ] DEBUG Engine               - actualHeight: 600.0
01:52:42.590 [FXGL Background Thread 3 ] DEBUG Engine               - actualHeightProperty: ReadOnlyDoubleProperty [value: 600.0]
01:52:42.591 [FXGL Background Thread 3 ] DEBUG Engine               - actualWidth: 800.0
01:52:42.591 [FXGL Background Thread 3 ] DEBUG Engine               - actualWidthProperty: ReadOnlyDoubleProperty [value: 800.0]
01:52:42.591 [FXGL Background Thread 3 ] DEBUG Engine               - appIcon: fxgl_icon.png
01:52:42.591 [FXGL Background Thread 3 ] DEBUG Engine               - applicationMode: DEVELOPER
01:52:42.591 [FXGL Background Thread 3 ] DEBUG Engine               - cSSList: [fxgl_dark.css]
01:52:42.592 [FXGL Background Thread 3 ] DEBUG Engine               - collisionDetectionStrategy: BRUTE_FORCE
01:52:42.592 [FXGL Background Thread 3 ] DEBUG Engine               - configClass: Optional.empty
01:52:42.592 [FXGL Background Thread 3 ] DEBUG Engine               - credits: []
01:52:42.593 [FXGL Background Thread 3 ] DEBUG Engine               - defaultCursor: CursorInfo(imageName=fxgl_default_cursor.png, hotspotX=7.0, hotspotY=6.0)
01:52:42.595 [FXGL Background Thread 3 ] DEBUG Engine               - devBBoxColorProperty: ObjectProperty [value: 0xff0000ff]
01:52:42.595 [FXGL Background Thread 3 ] DEBUG Engine               - devEnableDebugCameraProperty: BooleanProperty [value: false]
01:52:42.595 [FXGL Background Thread 3 ] DEBUG Engine               - devSensorColorProperty: ObjectProperty [value: 0xffff00ff]
01:52:42.595 [FXGL Background Thread 3 ] DEBUG Engine               - devShowBBoxProperty: BooleanProperty [value: false]
01:52:42.596 [FXGL Background Thread 3 ] DEBUG Engine               - devShowPositionProperty: BooleanProperty [value: false]
01:52:42.596 [FXGL Background Thread 3 ] DEBUG Engine               - enabledMenuItems: []
01:52:42.596 [FXGL Background Thread 3 ] DEBUG Engine               - engineServices: [class com.almasb.fxgl.app.services.FXGLAssetLoaderService, class com.almasb.fxgl.app.FXGLApplication$GameApplicationService, class com.almasb.fxgl.app.services.FXGLDialogService, class com.almasb.fxgl.app.services.IOTaskExecutorService, class com.almasb.fxgl.io.FileSystemService, class com.almasb.fxgl.localization.LocalizationService, class com.almasb.fxgl.app.services.SystemBundleService, class com.almasb.fxgl.profile.SaveLoadService, class com.almasb.fxgl.ui.FXGLUIFactoryServiceProvider, class com.almasb.fxgl.ui.FXGLDialogFactoryServiceProvider, class com.almasb.fxgl.audio.AudioPlayer, class com.almasb.fxgl.notification.impl.NotificationServiceProvider, class com.almasb.fxgl.achievement.AchievementService, class com.almasb.fxgl.cutscene.CutsceneService, class com.almasb.fxgl.minigames.MiniGameService, class com.almasb.fxgl.net.NetService, class com.almasb.fxgl.app.services.UpdaterService, class com.almasb.fxgl.dev.DevService]
01:52:42.596 [FXGL Background Thread 3 ] DEBUG Engine               - fontGame: Abel-Regular.ttf
01:52:42.596 [FXGL Background Thread 3 ] DEBUG Engine               - fontMono: TerminalLandMono-Regular.otf
01:52:42.597 [FXGL Background Thread 3 ] DEBUG Engine               - fontSizeScaleUI: 1.0
01:52:42.597 [FXGL Background Thread 3 ] DEBUG Engine               - fontText: Courier-Prime.ttf
01:52:42.597 [FXGL Background Thread 3 ] DEBUG Engine               - fontUI: VarelaRound-Regular.ttf
01:52:42.597 [FXGL Background Thread 3 ] DEBUG Engine               - fullScreen: BooleanProperty [value: false]
01:52:42.597 [FXGL Background Thread 3 ] DEBUG Engine               - gameDifficulty: MEDIUM
01:52:42.598 [FXGL Background Thread 3 ] DEBUG Engine               - gameDifficultyProperty: ObjectProperty [value: MEDIUM]
01:52:42.598 [FXGL Background Thread 3 ] DEBUG Engine               - globalMusicVolume: 0.5
01:52:42.598 [FXGL Background Thread 3 ] DEBUG Engine               - globalMusicVolumeProperty: DoubleProperty [value: 0.5]
01:52:42.598 [FXGL Background Thread 3 ] DEBUG Engine               - globalSoundVolume: 0.5
01:52:42.599 [FXGL Background Thread 3 ] DEBUG Engine               - globalSoundVolumeProperty: DoubleProperty [value: 0.5]
01:52:42.599 [FXGL Background Thread 3 ] DEBUG Engine               - height: 600
01:52:42.599 [FXGL Background Thread 3 ] DEBUG Engine               - is3D: false
01:52:42.599 [FXGL Background Thread 3 ] DEBUG Engine               - isAndroid: false
01:52:42.599 [FXGL Background Thread 3 ] DEBUG Engine               - isBrowser: false
01:52:42.600 [FXGL Background Thread 3 ] DEBUG Engine               - isClickFeedbackEnabled: false
01:52:42.600 [FXGL Background Thread 3 ] DEBUG Engine               - isCloseConfirmation: false
01:52:42.600 [FXGL Background Thread 3 ] DEBUG Engine               - isDesktop: true
01:52:42.600 [FXGL Background Thread 3 ] DEBUG Engine               - isDeveloperMenuEnabled: false
01:52:42.600 [FXGL Background Thread 3 ] DEBUG Engine               - isEmbedded: false
01:52:42.600 [FXGL Background Thread 3 ] DEBUG Engine               - isEntityPreloadEnabled: true
01:52:42.601 [FXGL Background Thread 3 ] DEBUG Engine               - isExperimentalTiledLargeMap: false
01:52:42.601 [FXGL Background Thread 3 ] DEBUG Engine               - isFileSystemWriteAllowed: true
01:52:42.601 [FXGL Background Thread 3 ] DEBUG Engine               - isFullScreenAllowed: false
01:52:42.601 [FXGL Background Thread 3 ] DEBUG Engine               - isFullScreenFromStart: false
01:52:42.601 [FXGL Background Thread 3 ] DEBUG Engine               - isGameMenuEnabled: true
01:52:42.601 [FXGL Background Thread 3 ] DEBUG Engine               - isIOS: false
01:52:42.601 [FXGL Background Thread 3 ] DEBUG Engine               - isIntroEnabled: false
01:52:42.601 [FXGL Background Thread 3 ] DEBUG Engine               - isLinux: false
01:52:42.601 [FXGL Background Thread 3 ] DEBUG Engine               - isMac: false
01:52:42.603 [FXGL Background Thread 3 ] DEBUG Engine               - isMainMenuEnabled: false
01:52:42.603 [FXGL Background Thread 3 ] DEBUG Engine               - isManualResizeEnabled: false
01:52:42.603 [FXGL Background Thread 3 ] DEBUG Engine               - isMobile: false
01:52:42.603 [FXGL Background Thread 3 ] DEBUG Engine               - isNative: false
01:52:42.603 [FXGL Background Thread 3 ] DEBUG Engine               - isPauseMusicWhenMinimized: true
01:52:42.604 [FXGL Background Thread 3 ] DEBUG Engine               - isPreserveResizeRatio: false
01:52:42.604 [FXGL Background Thread 3 ] DEBUG Engine               - isProfilingEnabled: false
01:52:42.604 [FXGL Background Thread 3 ] DEBUG Engine               - isScaleAffectedOnResize: true
01:52:42.604 [FXGL Background Thread 3 ] DEBUG Engine               - isSingleStep: false
01:52:42.604 [FXGL Background Thread 3 ] DEBUG Engine               - isUserProfileEnabled: false
01:52:42.604 [FXGL Background Thread 3 ] DEBUG Engine               - isWindows: true
01:52:42.604 [FXGL Background Thread 3 ] DEBUG Engine               - language: ObjectProperty [value: ENGLISH]
01:52:42.605 [FXGL Background Thread 3 ] DEBUG Engine               - menuKey: ESCAPE
01:52:42.605 [FXGL Background Thread 3 ] DEBUG Engine               - mouseSensitivity: 0.2
01:52:42.605 [FXGL Background Thread 3 ] DEBUG Engine               - notificationViewClass: class com.almasb.fxgl.notification.view.XboxNotificationView
01:52:42.605 [FXGL Background Thread 3 ] DEBUG Engine               - pixelsPerMeter: 50.0
01:52:42.605 [FXGL Background Thread 3 ] DEBUG Engine               - platform: WINDOWS
01:52:42.606 [FXGL Background Thread 3 ] DEBUG Engine               - prefHeightProperty: ReadOnlyDoubleProperty [value: 600.0]
01:52:42.606 [FXGL Background Thread 3 ] DEBUG Engine               - prefWidthProperty: ReadOnlyDoubleProperty [value: 800.0]
01:52:42.606 [FXGL Background Thread 3 ] DEBUG Engine               - profileDir: profiles/
01:52:42.606 [FXGL Background Thread 3 ] DEBUG Engine               - profileName: StringProperty [value: DEFAULT]
01:52:42.606 [FXGL Background Thread 3 ] DEBUG Engine               - randomSeed: -1
01:52:42.607 [FXGL Background Thread 3 ] DEBUG Engine               - runtimeInfo: RuntimeInfo(platform=WINDOWS, version=17.3, build=30.03.2023 11.49)
01:52:42.607 [FXGL Background Thread 3 ] DEBUG Engine               - saveFileExt: sav
01:52:42.608 [FXGL Background Thread 3 ] DEBUG Engine               - scaledHeightProp$fxgl: DoubleProperty [bound, value: 600.0]
01:52:42.608 [FXGL Background Thread 3 ] DEBUG Engine               - scaledWidthProp$fxgl: DoubleProperty [bound, value: 800.0]
01:52:42.608 [FXGL Background Thread 3 ] DEBUG Engine               - sceneFactory: com.almasb.fxgl.app.scene.SceneFactory@f7d53dc
01:52:42.608 [FXGL Background Thread 3 ] DEBUG Engine               - secondsIn24h: 60
01:52:42.608 [FXGL Background Thread 3 ] DEBUG Engine               - soundMenuBack: menu/back.wav
01:52:42.608 [FXGL Background Thread 3 ] DEBUG Engine               - soundMenuPress: menu/press.wav
01:52:42.609 [FXGL Background Thread 3 ] DEBUG Engine               - soundMenuSelect: menu/select.wav
01:52:42.609 [FXGL Background Thread 3 ] DEBUG Engine               - soundNotification: core/notification.wav
01:52:42.609 [FXGL Background Thread 3 ] DEBUG Engine               - stageStyle: DECORATED
01:52:42.609 [FXGL Background Thread 3 ] DEBUG Engine               - supportedLanguages: [ENGLISH, FRENCH, GERMAN, HUNGARIAN, RUSSIAN]
01:52:42.610 [FXGL Background Thread 3 ] DEBUG Engine               - ticksPerSecond: -1
01:52:42.610 [FXGL Background Thread 3 ] DEBUG Engine               - title: Game App
01:52:42.610 [FXGL Background Thread 3 ] DEBUG Engine               - urlGithub: https://github.com/AlmasB/FXGL
01:52:42.610 [FXGL Background Thread 3 ] DEBUG Engine               - urlLeaderboard: http://fxgl-top.herokuapp.com/
01:52:42.611 [FXGL Background Thread 3 ] DEBUG Engine               - urlPOM: https://raw.githubusercontent.com/AlmasB/FXGL/release/README.md
01:52:42.611 [FXGL Background Thread 3 ] DEBUG Engine               - userAppClass: class org.example.Run
01:52:42.611 [FXGL Background Thread 3 ] DEBUG Engine               - version: 0.0
01:52:42.611 [FXGL Background Thread 3 ] DEBUG Engine               - versionCheckDays: 7
01:52:42.611 [FXGL Background Thread 3 ] DEBUG Engine               - width: 800
01:52:42.612 [FXGL Background Thread 3 ] DEBUG Engine               - Logging services
01:52:42.612 [FXGL Background Thread 3 ] DEBUG Engine               - class com.almasb.fxgl.app.services.FXGLAssetLoaderService
01:52:42.612 [FXGL Background Thread 3 ] DEBUG Engine               - class com.almasb.fxgl.app.FXGLApplication$GameApplicationService
01:52:42.612 [FXGL Background Thread 3 ] DEBUG Engine               - class com.almasb.fxgl.app.services.FXGLDialogService
01:52:42.612 [FXGL Background Thread 3 ] DEBUG Engine               - class com.almasb.fxgl.app.services.IOTaskExecutorService
01:52:42.613 [FXGL Background Thread 3 ] DEBUG Engine               - class com.almasb.fxgl.io.FileSystemService
01:52:42.613 [FXGL Background Thread 3 ] DEBUG Engine               - class com.almasb.fxgl.localization.LocalizationService
01:52:42.613 [FXGL Background Thread 3 ] DEBUG Engine               - class com.almasb.fxgl.app.services.SystemBundleService
01:52:42.613 [FXGL Background Thread 3 ] DEBUG Engine               - class com.almasb.fxgl.profile.SaveLoadService
01:52:42.613 [FXGL Background Thread 3 ] DEBUG Engine               - class com.almasb.fxgl.ui.FXGLUIFactoryServiceProvider
01:52:42.613 [FXGL Background Thread 3 ] DEBUG Engine               - class com.almasb.fxgl.ui.FXGLDialogFactoryServiceProvider
01:52:42.613 [FXGL Background Thread 3 ] DEBUG Engine               - class com.almasb.fxgl.audio.AudioPlayer
01:52:42.613 [FXGL Background Thread 3 ] DEBUG Engine               - class com.almasb.fxgl.notification.impl.NotificationServiceProvider
01:52:42.613 [FXGL Background Thread 3 ] DEBUG Engine               - class com.almasb.fxgl.achievement.AchievementService
01:52:42.614 [FXGL Background Thread 3 ] DEBUG Engine               - class com.almasb.fxgl.cutscene.CutsceneService
01:52:42.614 [FXGL Background Thread 3 ] DEBUG Engine               - class com.almasb.fxgl.minigames.MiniGameService
01:52:42.614 [FXGL Background Thread 3 ] DEBUG Engine               - class com.almasb.fxgl.net.NetService
01:52:42.614 [FXGL Background Thread 3 ] DEBUG Engine               - class com.almasb.fxgl.app.services.UpdaterService
01:52:42.614 [FXGL Background Thread 3 ] DEBUG Engine               - class com.almasb.fxgl.dev.DevService
01:52:43.379 [JavaFX Application Thread] WARN  GameWorld            - Entity is already attached to world
01:52:44.339 [JavaFX Application Thread] WARN  GameWorld            - Entity is already attached to world
01:52:45.346 [JavaFX Application Thread] WARN  GameWorld            - Entity is already attached to world
01:52:46.353 [JavaFX Application Thread] WARN  GameWorld            - Entity is already attached to world
01:52:47.346 [JavaFX Application Thread] WARN  GameWorld            - Entity is already attached to world
01:52:48.355 [JavaFX Application Thread] WARN  GameWorld            - Entity is already attached to world
01:52:49.346 [JavaFX Application Thread] WARN  GameWorld            - Entity is already attached to world
01:52:50.353 [JavaFX Application Thread] WARN  GameWorld            - Entity is already attached to world
01:52:51.345 [JavaFX Application Thread] WARN  GameWorld            - Entity is already attached to world
01:52:52.354 [JavaFX Application Thread] WARN  GameWorld            - Entity is already attached to world
01:52:53.361 [JavaFX Application Thread] WARN  GameWorld            - Entity is already attached to world
01:52:54.354 [JavaFX Application Thread] WARN  GameWorld            - Entity is already attached to world
01:52:55.360 [JavaFX Application Thread] WARN  GameWorld            - Entity is already attached to world
01:52:56.354 [JavaFX Application Thread] WARN  GameWorld            - Entity is already attached to world
01:52:57.365 [JavaFX Application Thread] WARN  GameWorld            - Entity is already attached to world
01:52:58.368 [JavaFX Application Thread] WARN  GameWorld            - Entity is already attached to world
01:52:59.361 [JavaFX Application Thread] WARN  GameWorld            - Entity is already attached to world
01:53:00.385 [JavaFX Application Thread] WARN  GameWorld            - Entity is already attached to world
01:53:01.380 [JavaFX Application Thread] WARN  GameWorld            - Entity is already attached to world
01:53:02.386 [JavaFX Application Thread] WARN  GameWorld            - Entity is already attached to world
01:53:03.379 [JavaFX Application Thread] WARN  GameWorld            - Entity is already attached to world
01:53:04.387 [JavaFX Application Thread] WARN  GameWorld            - Entity is already attached to world
01:53:05.392 [JavaFX Application Thread] WARN  GameWorld            - Entity is already attached to world
01:53:06.387 [JavaFX Application Thread] WARN  GameWorld            - Entity is already attached to world
01:53:07.395 [JavaFX Application Thread] WARN  GameWorld            - Entity is already attached to world
01:53:08.386 [JavaFX Application Thread] WARN  GameWorld            - Entity is already attached to world
01:53:09.394 [JavaFX Application Thread] WARN  GameWorld            - Entity is already attached to world
01:53:10.385 [JavaFX Application Thread] WARN  GameWorld            - Entity is already attached to world
01:53:11.395 [JavaFX Application Thread] WARN  GameWorld            - Entity is already attached to world
01:53:12.402 [JavaFX Application Thread] WARN  GameWorld            - Entity is already attached to world
01:53:13.427 [JavaFX Application Thread] WARN  GameWorld            - Entity is already attached to world
01:53:14.433 [JavaFX Application Thread] WARN  GameWorld            - Entity is already attached to world
01:53:15.458 [JavaFX Application Thread] WARN  GameWorld            - Entity is already attached to world
01:53:16.466 [JavaFX Application Thread] WARN  GameWorld            - Entity is already attached to world
01:53:17.485 [JavaFX Application Thread] WARN  GameWorld            - Entity is already attached to world
01:53:18.497 [JavaFX Application Thread] WARN  GameWorld            - Entity is already attached to world
01:53:19.518 [JavaFX Application Thread] WARN  GameWorld            - Entity is already attached to world
01:53:20.533 [JavaFX Application Thread] WARN  GameWorld            - Entity is already attached to world
01:53:21.549 [JavaFX Application Thread] WARN  GameWorld            - Entity is already attached to world
01:53:22.565 [JavaFX Application Thread] WARN  GameWorld            - Entity is already attached to world
01:53:23.570 [JavaFX Application Thread] WARN  GameWorld            - Entity is already attached to world
01:53:24.594 [JavaFX Application Thread] WARN  GameWorld            - Entity is already attached to world
01:53:25.600 [JavaFX Application Thread] WARN  GameWorld            - Entity is already attached to world
01:53:26.625 [JavaFX Application Thread] WARN  GameWorld            - Entity is already attached to world
01:53:27.635 [JavaFX Application Thread] WARN  GameWorld            - Entity is already attached to world
01:53:28.655 [JavaFX Application Thread] WARN  GameWorld            - Entity is already attached to world
01:53:29.668 [JavaFX Application Thread] WARN  GameWorld            - Entity is already attached to world
01:53:30.687 [JavaFX Application Thread] WARN  GameWorld            - Entity is already attached to world
01:53:31.698 [JavaFX Application Thread] WARN  GameWorld            - Entity is already attached to world
01:53:32.722 [JavaFX Application Thread] WARN  GameWorld            - Entity is already attached to world
01:53:33.744 [JavaFX Application Thread] WARN  GameWorld            - Entity is already attached to world
01:53:34.754 [JavaFX Application Thread] WARN  GameWorld            - Entity is already attached to world
01:53:35.761 [JavaFX Application Thread] WARN  GameWorld            - Entity is already attached to world
01:53:36.739 [JavaFX Application Thread] WARN  GameWorld            - Entity is already attached to world
01:53:37.730 [JavaFX Application Thread] WARN  GameWorld            - Entity is already attached to world
01:53:38.738 [JavaFX Application Thread] WARN  GameWorld            - Entity is already attached to world
01:53:39.746 [JavaFX Application Thread] WARN  GameWorld            - Entity is already attached to world
01:53:40.770 [JavaFX Application Thread] WARN  GameWorld            - Entity is already attached to world
01:53:41.778 [JavaFX Application Thread] WARN  GameWorld            - Entity is already attached to world
01:53:42.799 [JavaFX Application Thread] WARN  GameWorld            - Entity is already attached to world
01:53:43.812 [JavaFX Application Thread] WARN  GameWorld            - Entity is already attached to world
01:53:44.817 [JavaFX Application Thread] WARN  GameWorld            - Entity is already attached to world
01:53:45.842 [JavaFX Application Thread] WARN  GameWorld            - Entity is already attached to world
01:53:46.850 [JavaFX Application Thread] WARN  GameWorld            - Entity is already attached to world
01:53:47.874 [JavaFX Application Thread] WARN  GameWorld            - Entity is already attached to world
01:53:48.884 [JavaFX Application Thread] WARN  GameWorld            - Entity is already attached to world
01:53:49.905 [JavaFX Application Thread] WARN  GameWorld            - Entity is already attached to world
01:53:50.913 [JavaFX Application Thread] WARN  GameWorld            - Entity is already attached to world
01:53:51.934 [JavaFX Application Thread] WARN  GameWorld            - Entity is already attached to world
01:53:52.946 [JavaFX Application Thread] WARN  GameWorld            - Entity is already attached to world
01:53:53.953 [JavaFX Application Thread] WARN  GameWorld            - Entity is already attached to world
01:53:54.978 [JavaFX Application Thread] WARN  GameWorld            - Entity is already attached to world
01:53:55.985 [JavaFX Application Thread] WARN  GameWorld            - Entity is already attached to world
01:53:57.010 [JavaFX Application Thread] WARN  GameWorld            - Entity is already attached to world
01:53:58.018 [JavaFX Application Thread] WARN  GameWorld            - Entity is already attached to world
01:53:59.041 [JavaFX Application Thread] WARN  GameWorld            - Entity is already attached to world
01:54:00.034 [JavaFX Application Thread] WARN  GameWorld            - Entity is already attached to world
01:54:01.024 [JavaFX Application Thread] WARN  GameWorld            - Entity is already attached to world
01:54:02.030 [JavaFX Application Thread] WARN  GameWorld            - Entity is already attached to world
01:54:03.045 [JavaFX Application Thread] WARN  GameWorld            - Entity is already attached to world
01:54:04.064 [JavaFX Application Thread] WARN  GameWorld            - Entity is already attached to world
01:54:05.132 [JavaFX Application Thread] WARN  GameWorld            - Entity is already attached to world
01:54:06.133 [JavaFX Application Thread] WARN  GameWorld            - Entity is already attached to world
01:54:07.089 [JavaFX Application Thread] WARN  GameWorld            - Entity is already attached to world
01:54:08.066 [JavaFX Application Thread] WARN  GameWorld            - Entity is already attached to world
01:54:09.090 [JavaFX Application Thread] WARN  GameWorld            - Entity is already attached to world
01:54:10.099 [JavaFX Application Thread] WARN  GameWorld            - Entity is already attached to world
01:54:11.167 [JavaFX Application Thread] WARN  GameWorld            - Entity is already attached to world
01:54:12.177 [JavaFX Application Thread] WARN  GameWorld            - Entity is already attached to world
01:54:13.154 [JavaFX Application Thread] WARN  GameWorld            - Entity is already attached to world
01:54:14.143 [JavaFX Application Thread] WARN  GameWorld            - Entity is already attached to world
01:54:15.156 [JavaFX Application Thread] WARN  GameWorld            - Entity is already attached to world
01:54:16.164 [JavaFX Application Thread] WARN  GameWorld            - Entity is already attached to world
01:54:17.186 [JavaFX Application Thread] WARN  GameWorld            - Entity is already attached to world
01:54:18.194 [JavaFX Application Thread] WARN  GameWorld            - Entity is already attached to world
01:54:19.218 [JavaFX Application Thread] WARN  GameWorld            - Entity is already attached to world
01:54:20.226 [JavaFX Application Thread] WARN  GameWorld            - Entity is already attached to world
01:54:21.250 [JavaFX Application Thread] WARN  GameWorld            - Entity is already attached to world
01:54:22.257 [JavaFX Application Thread] WARN  GameWorld            - Entity is already attached to world
01:54:23.276 [JavaFX Application Thread] WARN  GameWorld            - Entity is already attached to world
01:54:24.290 [JavaFX Application Thread] WARN  GameWorld            - Entity is already attached to world
01:54:25.309 [JavaFX Application Thread] WARN  GameWorld            - Entity is already attached to world
01:54:26.322 [JavaFX Application Thread] WARN  GameWorld            - Entity is already attached to world
01:54:27.338 [JavaFX Application Thread] WARN  GameWorld            - Entity is already attached to world
01:54:28.354 [JavaFX Application Thread] WARN  GameWorld            - Entity is already attached to world
01:54:29.373 [JavaFX Application Thread] WARN  GameWorld            - Entity is already attached to world
01:54:30.386 [JavaFX Application Thread] WARN  GameWorld            - Entity is already attached to world
01:54:31.393 [JavaFX Application Thread] WARN  GameWorld            - Entity is already attached to world
01:54:32.414 [JavaFX Application Thread] WARN  GameWorld            - Entity is already attached to world
01:54:33.426 [JavaFX Application Thread] WARN  GameWorld            - Entity is already attached to world
01:54:34.445 [JavaFX Application Thread] WARN  GameWorld            - Entity is already attached to world
01:54:35.459 [JavaFX Application Thread] WARN  GameWorld            - Entity is already attached to world
01:54:36.465 [JavaFX Application Thread] WARN  GameWorld            - Entity is already attached to world
01:54:37.489 [JavaFX Application Thread] WARN  GameWorld            - Entity is already attached to world
01:54:38.497 [JavaFX Application Thread] WARN  GameWorld            - Entity is already attached to world
01:54:39.522 [JavaFX Application Thread] WARN  GameWorld            - Entity is already attached to world
01:54:40.532 [JavaFX Application Thread] WARN  GameWorld            - Entity is already attached to world
01:54:41.536 [JavaFX Application Thread] WARN  GameWorld            - Entity is already attached to world
01:54:42.624 [JavaFX Application Thread] WARN  GameWorld            - Entity is already attached to world
01:54:43.051 [JavaFX Application Thread] DEBUG FXGLApplication      - Exiting FXGL
01:54:43.052 [JavaFX Application Thread] DEBUG LoopRunner           - Stopping loop
01:54:43.052 [JavaFX Application Thread] DEBUG SystemBundleService  - Saving FXGL system data
01:54:43.060 [JavaFX Application Thread] DEBUG FileSystemAccess     - Writing to: D:\SEMESTR_IV_PROGRAMY\JAVA\TestGame\TestGame\system\fxgl.bundle
01:54:43.077 [JavaFX Application Thread] DEBUG Async                - Shutting down background threads
01:54:43.077 [JavaFX Application Thread] DEBUG PrimaryStageWindow   - Closing main window
01:54:43.161 [JavaFX Application Thread] DEBUG Logger               - Closing Logger
