02:07:28.789 [main                     ] DEBUG Logger               - Configured Logger
02:07:28.821 [main                     ] DEBUG GameApplication      - Logging settings
Title: Game App
Version: 0.0
Width: 800
Height: 600
Fullscreen: false
Intro: false
Profiling: false
Single step:false
App Mode: DEVELOPER
Menu Key: ESCAPE
Stage Style: DECORATED
Scene Factory: class com.almasb.fxgl.app.scene.SceneFactory

02:07:29.382 [JavaFX Application Thread] DEBUG FXGLApplication      - Initializing FXGL
02:07:29.387 [JavaFX Application Thread] INFO  Engine               - FXGL-17.3 (30.03.2023 11.49) on WINDOWS (J:21.0.2 FX:20)
02:07:29.388 [JavaFX Application Thread] DEBUG Engine               - JRE Vendor Name: Oracle Corporation
02:07:29.388 [JavaFX Application Thread] DEBUG Engine               - Running on OS: Windows 11 version 10.0
02:07:29.388 [JavaFX Application Thread] DEBUG Engine               - Architecture: amd64
02:07:29.388 [JavaFX Application Thread] INFO  Engine               - Source code and latest versions at: https://github.com/AlmasB/FXGL
02:07:29.389 [JavaFX Application Thread] INFO  Engine               -       Ask questions and discuss at: https://github.com/AlmasB/FXGL/discussions
02:07:29.389 [JavaFX Application Thread] INFO  Engine               -              Join the FXGL chat at: https://gitter.im/AlmasB/FXGL
02:07:29.509 [JavaFX Application Thread] DEBUG PrimaryStageWindow   - Creating a JavaFX scene
02:07:29.560 [JavaFX Application Thread] DEBUG PrimaryStageWindow   - Target settings size: 800.0 x 600.0
02:07:29.561 [JavaFX Application Thread] DEBUG PrimaryStageWindow   - Scaled scene size:    800.0 x 600.0
02:07:29.561 [JavaFX Application Thread] DEBUG PrimaryStageWindow   - Scaled ratio: (1.0, 1.0)
02:07:29.562 [JavaFX Application Thread] DEBUG PrimaryStageWindow   - Set initial scene to FXGLStartupScene
02:07:29.565 [JavaFX Application Thread] DEBUG PrimaryStageWindow   - Opening main window
02:07:29.675 [JavaFX Application Thread] DEBUG PrimaryStageWindow   - Window border size: (16.0, 39.0)
02:07:29.676 [JavaFX Application Thread] DEBUG PrimaryStageWindow   - Scaled size: 800.0 x 600.0
02:07:29.676 [JavaFX Application Thread] DEBUG PrimaryStageWindow   - Scaled ratio: (1.0, 1.0)
02:07:29.676 [JavaFX Application Thread] DEBUG PrimaryStageWindow   - Scene size: 800.0 x 600.0
02:07:29.676 [JavaFX Application Thread] DEBUG PrimaryStageWindow   - Stage size: 816.0 x 639.0
02:07:29.684 [FXGL Background Thread 1 ] DEBUG Engine               - Initializing environment variables
02:07:29.748 [FXGL Background Thread 1 ] DEBUG FXGLAssetLoaderServi - User app class for loading assets: class org.example.Run
02:07:29.748 [FXGL Background Thread 1 ] DEBUG GameApplicationServi - Applying CSS: fxgl_dark.css
02:07:29.748 [FXGL Background Thread 1 ] DEBUG FXGLAssetLoaderServi - Loading from file system: jar:file:/C:/Users/kozim/.m2/repository/com/github/almasb/fxgl/17.3/fxgl-17.3.jar!/fxglassets/ui/css/fxgl_dark.css
02:07:29.790 [FXGL Background Thread 1 ] DEBUG GameApplicationServi - Initializing application scenes
02:07:29.831 [FXGL Background Thread 1 ] DEBUG GameWorld            - Game world initialized
02:07:29.902 [FXGL Background Thread 1 ] DEBUG PhysicsWorld         - Physics world initialized: appHeight=600, physics.ppm=50,0
02:07:29.902 [FXGL Background Thread 1 ] DEBUG PhysicsWorld         - Using strategy: BRUTE_FORCE
02:07:29.908 [FXGL Background Thread 1 ] DEBUG GameScene            - Game scene initialized: 800x600
02:07:29.924 [FXGL Background Thread 1 ] DEBUG FXGL.DefaultMenu     - createMenuBodyGameMenu()
02:07:29.938 [FXGL Background Thread 1 ] DEBUG FXGL.DefaultMenu     - createOptionsMenu()
02:07:29.946 [FXGL Background Thread 1 ] DEBUG FXGLAssetLoaderServi - Loading from file system: jar:file:/C:/Users/kozim/.m2/repository/com/github/almasb/fxgl/17.3/fxgl-17.3.jar!/fxglassets/textures/particles/smoke.png
02:07:30.054 [FXGL Background Thread 1 ] DEBUG FXGLAssetLoaderServi - Loading from file system: jar:file:/C:/Users/kozim/.m2/repository/com/github/almasb/fxgl/17.3/fxgl-17.3.jar!/fxglassets/textures/particles/trace_horizontal.png
02:07:30.083 [FXGL Background Thread 1 ] DEBUG GameApplicationServi - Application scenes initialized
02:07:30.097 [FXGL Background Thread 1 ] DEBUG SystemBundleService  - Loading FXGL system data
02:07:30.100 [FXGL Background Thread 1 ] DEBUG FileSystemAccess     - Reading from: D:\SEMESTR_IV_PROGRAMY\JAVA\TestGame\TestGame\system\fxgl.bundle
02:07:30.109 [FXGL Background Thread 1 ] DEBUG SystemBundleService  - Bundle FXGL: {}
02:07:30.111 [FXGL Background Thread 1 ] DEBUG UpdaterService       - Checking for updates
02:07:30.116 [FXGL Background Thread 4 ] DEBUG FXGLApplication      - Loading fonts
02:07:30.117 [FXGL Background Thread 4 ] DEBUG FXGLAssetLoaderServi - Loading from file system: jar:file:/C:/Users/kozim/.m2/repository/com/github/almasb/fxgl/17.3/fxgl-17.3.jar!/fxglassets/ui/fonts/VarelaRound-Regular.ttf
02:07:30.119 [FXGL Background Thread 1 ] DEBUG FXGLApplication      - Loading default localization
02:07:30.119 [FXGL Background Thread 1 ] DEBUG FXGLAssetLoaderServi - Loading from file system: jar:file:/C:/Users/kozim/.m2/repository/com/github/almasb/fxgl/17.3/fxgl-17.3.jar!/fxglassets/languages/english.lang
02:07:30.146 [FXGL Background Thread 1 ] INFO  FXGLApplication      - FXGL initialization took: 0,462 sec
02:07:30.147 [JavaFX Application Thread] DEBUG FXGLAssetLoaderServi - Loading from file system: jar:file:/C:/Users/kozim/.m2/repository/com/github/almasb/fxgl/17.3/fxgl-17.3.jar!/fxglassets/textures/fxgl_icon.png
02:07:30.156 [FXGL Background Thread 4 ] DEBUG FXGLAssetLoaderServi - Loading from file system: jar:file:/C:/Users/kozim/.m2/repository/com/github/almasb/fxgl/17.3/fxgl-17.3.jar!/fxglassets/ui/fonts/Abel-Regular.ttf
02:07:30.159 [FXGL Background Thread 4 ] DEBUG FXGLAssetLoaderServi - Loading from file system: jar:file:/C:/Users/kozim/.m2/repository/com/github/almasb/fxgl/17.3/fxgl-17.3.jar!/fxglassets/ui/fonts/TerminalLandMono-Regular.otf
02:07:30.167 [FXGL Background Thread 4 ] DEBUG FXGLAssetLoaderServi - Loading from file system: jar:file:/C:/Users/kozim/.m2/repository/com/github/almasb/fxgl/17.3/fxgl-17.3.jar!/fxglassets/ui/fonts/Courier-Prime.ttf
02:07:30.168 [JavaFX Application Thread] DEBUG FXGLAssetLoaderServi - Loading from file system: jar:file:/C:/Users/kozim/.m2/repository/com/github/almasb/fxgl/17.3/fxgl-17.3.jar!/fxglassets/textures/fxgl_default_cursor.png
02:07:30.188 [JavaFX Application Thread] DEBUG Input                - Registered new binding: Screenshot - CTRL+8
02:07:30.189 [JavaFX Application Thread] DEBUG Input                - Registered new binding: System info dump - CTRL+9
02:07:30.190 [JavaFX Application Thread] DEBUG Input                - Registered new binding: Restart - CTRL+R
02:07:30.191 [JavaFX Application Thread] DEBUG Input                - Registered new binding: Toggle Debug Camera - CTRL+7
02:07:30.194 [JavaFX Application Thread] DEBUG LoopRunner           - Starting loop
02:07:30.194 [JavaFX Application Thread] DEBUG LoopRunner           - Initializing JavaFX AnimationTimerLoop
02:07:30.196 [JavaFX Application Thread] DEBUG GameApplicationServi - Starting new game
02:07:30.196 [JavaFX Application Thread] DEBUG Input                - Clearing active input actions
02:07:30.209 [JavaFX Application Thread] DEBUG GameApplicationServi - Removing overlay from FXGLStartupScene and adding to FXGLLoadingScene
02:07:30.209 [JavaFX Application Thread] DEBUG PrimaryStageWindow   - FXGLStartupScene -> FXGLLoadingScene
02:07:30.209 [JavaFX Application Thread] DEBUG GameApplicationServi - Clearing previous game
02:07:30.209 [JavaFX Application Thread] DEBUG GameScene            - Clearing game scene
02:07:30.209 [JavaFX Application Thread] DEBUG GameWorld            - Clearing game world
02:07:30.210 [JavaFX Application Thread] DEBUG PhysicsWorld         - Clearing physics world
02:07:30.211 [FXGL Background Thread 4 ] DEBUG FXGLApplication      - Initializing game
02:07:30.212 [JavaFX Application Thread] DEBUG FXGLApplication      - Registering font factories with UI factory
02:07:30.226 [FXGL Background Thread 4 ] INFO  FXGLApplication      - Game initialization took: 0,016 sec
02:07:30.268 [JavaFX Application Thread] DEBUG Input                - Clearing active input actions
02:07:30.277 [JavaFX Application Thread] DEBUG GameApplicationServi - Removing overlay from FXGLLoadingScene and adding to GameScene
02:07:30.277 [JavaFX Application Thread] DEBUG PrimaryStageWindow   - FXGLLoadingScene -> GameScene
02:07:30.594 [FXGL Background Thread 2 ] INFO  UpdaterService       - Your current version:  17.3
02:07:30.595 [FXGL Background Thread 2 ] INFO  UpdaterService       - Latest stable version: 21.1
02:07:31.272 [JavaFX Application Thread] DEBUG LoopRunner           - Stopping loop
02:07:31.277 [JavaFX Application Thread] FATAL FXGLApplication      - Uncaught Exception:
java.lang.IllegalArgumentException: No EntityFactory has a method annotated @Spawns(enemy)
	at com.almasb.fxgl.entity.GameWorld.create(GameWorld.kt:413)
	at com.almasb.fxgl.entity.GameWorld.spawn(GameWorld.kt:396)
	at com.almasb.fxgl.entity.GameWorld.spawn(GameWorld.kt:384)
	at com.almasb.fxgl.entity.GameWorld.spawn(GameWorld.kt:371)
	at com.almasb.fxgl.dsl.FXGL$Companion.spawn(FXGL.kt:561)
	at com.almasb.fxgl.dsl.FXGL.spawn(FXGL.kt)
	at org.example.InitSettings.lambda$initGame$0(InitSettings.java:35)
	at com.almasb.fxgl.time.TimerAction.update(TimerAction.kt:69)
	at com.almasb.fxgl.time.Timer.update(Timer.kt:38)
	at com.almasb.fxgl.scene.Scene.update(Scene.kt:104)
	at com.almasb.fxgl.app.MainWindow$update$1.invoke(MainWindow.kt:115)
	at com.almasb.fxgl.app.MainWindow$update$1.invoke(MainWindow.kt:115)
	at com.almasb.fxgl.core.fsm.StateMachine.runOnActiveStates(StateMachine.kt:69)
	at com.almasb.fxgl.app.MainWindow.update(MainWindow.kt:115)
	at com.almasb.fxgl.app.FXGLApplication$GameApplicationService.onUpdate(FXGLApplication.kt:426)
	at com.almasb.fxgl.app.Engine.loop(Engine.kt:134)
	at com.almasb.fxgl.app.Engine.access$loop(Engine.kt:24)
	at com.almasb.fxgl.app.Engine$loop$1.invoke(Engine.kt:28)
	at com.almasb.fxgl.app.Engine$loop$1.invoke(Engine.kt:28)
	at com.almasb.fxgl.app.LoopRunner.frame(LoopRunner.kt:103)
	at com.almasb.fxgl.app.LoopRunner.access$frame(LoopRunner.kt:23)
	at com.almasb.fxgl.app.LoopRunner$impl$2$1.onTick(LoopRunner.kt:57)
	at com.almasb.fxgl.app.AnimationTimerLoop$timer$1.handle(LoopRunner.kt:137)
	at javafx.animation.AnimationTimer$AnimationTimerReceiver.lambda$handle$0(AnimationTimer.java:58)
	at java.base/java.security.AccessController.doPrivileged(AccessController.java:400)
	at javafx.animation.AnimationTimer$AnimationTimerReceiver.handle(AnimationTimer.java:57)
	at com.sun.scenario.animation.AbstractPrimaryTimer.timePulseImpl(AbstractPrimaryTimer.java:356)
	at com.sun.scenario.animation.AbstractPrimaryTimer$MainLoop.run(AbstractPrimaryTimer.java:266)
	at com.sun.javafx.tk.quantum.QuantumToolkit.pulse(QuantumToolkit.java:588)
	at com.sun.javafx.tk.quantum.QuantumToolkit.pulse(QuantumToolkit.java:572)
	at com.sun.javafx.tk.quantum.QuantumToolkit.pulseFromQueue(QuantumToolkit.java:565)
	at com.sun.javafx.tk.quantum.QuantumToolkit.lambda$runToolkit$11(QuantumToolkit.java:352)
	at com.sun.glass.ui.InvokeLaterDispatcher$Future.run(InvokeLaterDispatcher.java:95)
	at com.sun.glass.ui.win.WinApplication._runLoop(Native Method)
	at com.sun.glass.ui.win.WinApplication.lambda$runLoop$3(WinApplication.java:185)
	at java.base/java.lang.Thread.run(Thread.java:1583)

02:07:31.278 [JavaFX Application Thread] FATAL FXGLApplication      - Application will now exit
02:07:31.321 [JavaFX Application Thread] DEBUG PrimaryStageWindow   - Push state: ErrorSubScene
02:07:31.322 [JavaFX Application Thread] DEBUG Input                - Clearing active input actions
02:07:31.336 [JavaFX Application Thread] DEBUG GameApplicationServi - Removing overlay from GameScene and adding to ErrorSubScene
02:07:31.337 [JavaFX Application Thread] DEBUG PrimaryStageWindow   - GameScene -> ErrorSubScene
02:07:33.115 [FXGL Background Thread 3 ] DEBUG Engine               - Logging environment variables
02:07:33.117 [FXGL Background Thread 3 ] DEBUG Engine               - achievements: []
02:07:33.118 [FXGL Background Thread 3 ] DEBUG Engine               - actualHeight: 600.0
02:07:33.118 [FXGL Background Thread 3 ] DEBUG Engine               - actualHeightProperty: ReadOnlyDoubleProperty [value: 600.0]
02:07:33.118 [FXGL Background Thread 3 ] DEBUG Engine               - actualWidth: 800.0
02:07:33.119 [FXGL Background Thread 3 ] DEBUG Engine               - actualWidthProperty: ReadOnlyDoubleProperty [value: 800.0]
02:07:33.119 [FXGL Background Thread 3 ] DEBUG Engine               - appIcon: fxgl_icon.png
02:07:33.119 [FXGL Background Thread 3 ] DEBUG Engine               - applicationMode: DEVELOPER
02:07:33.119 [FXGL Background Thread 3 ] DEBUG Engine               - cSSList: [fxgl_dark.css]
02:07:33.119 [FXGL Background Thread 3 ] DEBUG Engine               - collisionDetectionStrategy: BRUTE_FORCE
02:07:33.120 [FXGL Background Thread 3 ] DEBUG Engine               - configClass: Optional.empty
02:07:33.120 [FXGL Background Thread 3 ] DEBUG Engine               - credits: []
02:07:33.121 [FXGL Background Thread 3 ] DEBUG Engine               - defaultCursor: CursorInfo(imageName=fxgl_default_cursor.png, hotspotX=7.0, hotspotY=6.0)
02:07:33.121 [FXGL Background Thread 3 ] DEBUG Engine               - devBBoxColorProperty: ObjectProperty [value: 0xff0000ff]
02:07:33.122 [FXGL Background Thread 3 ] DEBUG Engine               - devEnableDebugCameraProperty: BooleanProperty [value: false]
02:07:33.122 [FXGL Background Thread 3 ] DEBUG Engine               - devSensorColorProperty: ObjectProperty [value: 0xffff00ff]
02:07:33.122 [FXGL Background Thread 3 ] DEBUG Engine               - devShowBBoxProperty: BooleanProperty [value: false]
02:07:33.122 [FXGL Background Thread 3 ] DEBUG Engine               - devShowPositionProperty: BooleanProperty [value: false]
02:07:33.122 [FXGL Background Thread 3 ] DEBUG Engine               - enabledMenuItems: []
02:07:33.123 [FXGL Background Thread 3 ] DEBUG Engine               - engineServices: [class com.almasb.fxgl.app.services.FXGLAssetLoaderService, class com.almasb.fxgl.app.FXGLApplication$GameApplicationService, class com.almasb.fxgl.app.services.FXGLDialogService, class com.almasb.fxgl.app.services.IOTaskExecutorService, class com.almasb.fxgl.io.FileSystemService, class com.almasb.fxgl.localization.LocalizationService, class com.almasb.fxgl.app.services.SystemBundleService, class com.almasb.fxgl.profile.SaveLoadService, class com.almasb.fxgl.ui.FXGLUIFactoryServiceProvider, class com.almasb.fxgl.ui.FXGLDialogFactoryServiceProvider, class com.almasb.fxgl.audio.AudioPlayer, class com.almasb.fxgl.notification.impl.NotificationServiceProvider, class com.almasb.fxgl.achievement.AchievementService, class com.almasb.fxgl.cutscene.CutsceneService, class com.almasb.fxgl.minigames.MiniGameService, class com.almasb.fxgl.net.NetService, class com.almasb.fxgl.app.services.UpdaterService, class com.almasb.fxgl.dev.DevService]
02:07:33.123 [FXGL Background Thread 3 ] DEBUG Engine               - fontGame: Abel-Regular.ttf
02:07:33.123 [FXGL Background Thread 3 ] DEBUG Engine               - fontMono: TerminalLandMono-Regular.otf
02:07:33.123 [FXGL Background Thread 3 ] DEBUG Engine               - fontSizeScaleUI: 1.0
02:07:33.124 [FXGL Background Thread 3 ] DEBUG Engine               - fontText: Courier-Prime.ttf
02:07:33.124 [FXGL Background Thread 3 ] DEBUG Engine               - fontUI: VarelaRound-Regular.ttf
02:07:33.124 [FXGL Background Thread 3 ] DEBUG Engine               - fullScreen: BooleanProperty [value: false]
02:07:33.126 [FXGL Background Thread 3 ] DEBUG Engine               - gameDifficulty: MEDIUM
02:07:33.126 [FXGL Background Thread 3 ] DEBUG Engine               - gameDifficultyProperty: ObjectProperty [value: MEDIUM]
02:07:33.126 [FXGL Background Thread 3 ] DEBUG Engine               - globalMusicVolume: 0.5
02:07:33.126 [FXGL Background Thread 3 ] DEBUG Engine               - globalMusicVolumeProperty: DoubleProperty [value: 0.5]
02:07:33.127 [FXGL Background Thread 3 ] DEBUG Engine               - globalSoundVolume: 0.5
02:07:33.127 [FXGL Background Thread 3 ] DEBUG Engine               - globalSoundVolumeProperty: DoubleProperty [value: 0.5]
02:07:33.127 [FXGL Background Thread 3 ] DEBUG Engine               - height: 600
02:07:33.127 [FXGL Background Thread 3 ] DEBUG Engine               - is3D: false
02:07:33.127 [FXGL Background Thread 3 ] DEBUG Engine               - isAndroid: false
02:07:33.127 [FXGL Background Thread 3 ] DEBUG Engine               - isBrowser: false
02:07:33.127 [FXGL Background Thread 3 ] DEBUG Engine               - isClickFeedbackEnabled: false
02:07:33.127 [FXGL Background Thread 3 ] DEBUG Engine               - isCloseConfirmation: false
02:07:33.127 [FXGL Background Thread 3 ] DEBUG Engine               - isDesktop: true
02:07:33.128 [FXGL Background Thread 3 ] DEBUG Engine               - isDeveloperMenuEnabled: false
02:07:33.128 [FXGL Background Thread 3 ] DEBUG Engine               - isEmbedded: false
02:07:33.128 [FXGL Background Thread 3 ] DEBUG Engine               - isEntityPreloadEnabled: true
02:07:33.128 [FXGL Background Thread 3 ] DEBUG Engine               - isExperimentalTiledLargeMap: false
02:07:33.128 [FXGL Background Thread 3 ] DEBUG Engine               - isFileSystemWriteAllowed: true
02:07:33.129 [FXGL Background Thread 3 ] DEBUG Engine               - isFullScreenAllowed: false
02:07:33.129 [FXGL Background Thread 3 ] DEBUG Engine               - isFullScreenFromStart: false
02:07:33.129 [FXGL Background Thread 3 ] DEBUG Engine               - isGameMenuEnabled: true
02:07:33.129 [FXGL Background Thread 3 ] DEBUG Engine               - isIOS: false
02:07:33.129 [FXGL Background Thread 3 ] DEBUG Engine               - isIntroEnabled: false
02:07:33.129 [FXGL Background Thread 3 ] DEBUG Engine               - isLinux: false
02:07:33.131 [FXGL Background Thread 3 ] DEBUG Engine               - isMac: false
02:07:33.131 [FXGL Background Thread 3 ] DEBUG Engine               - isMainMenuEnabled: false
02:07:33.131 [FXGL Background Thread 3 ] DEBUG Engine               - isManualResizeEnabled: false
02:07:33.132 [FXGL Background Thread 3 ] DEBUG Engine               - isMobile: false
02:07:33.132 [FXGL Background Thread 3 ] DEBUG Engine               - isNative: false
02:07:33.132 [FXGL Background Thread 3 ] DEBUG Engine               - isPauseMusicWhenMinimized: true
02:07:33.132 [FXGL Background Thread 3 ] DEBUG Engine               - isPreserveResizeRatio: false
02:07:33.133 [FXGL Background Thread 3 ] DEBUG Engine               - isProfilingEnabled: false
02:07:33.133 [FXGL Background Thread 3 ] DEBUG Engine               - isScaleAffectedOnResize: true
02:07:33.133 [FXGL Background Thread 3 ] DEBUG Engine               - isSingleStep: false
02:07:33.133 [FXGL Background Thread 3 ] DEBUG Engine               - isUserProfileEnabled: false
02:07:33.134 [FXGL Background Thread 3 ] DEBUG Engine               - isWindows: true
02:07:33.134 [FXGL Background Thread 3 ] DEBUG Engine               - language: ObjectProperty [value: ENGLISH]
02:07:33.134 [FXGL Background Thread 3 ] DEBUG Engine               - menuKey: ESCAPE
02:07:33.135 [FXGL Background Thread 3 ] DEBUG Engine               - mouseSensitivity: 0.2
02:07:33.135 [FXGL Background Thread 3 ] DEBUG Engine               - notificationViewClass: class com.almasb.fxgl.notification.view.XboxNotificationView
02:07:33.135 [FXGL Background Thread 3 ] DEBUG Engine               - pixelsPerMeter: 50.0
02:07:33.135 [FXGL Background Thread 3 ] DEBUG Engine               - platform: WINDOWS
02:07:33.135 [FXGL Background Thread 3 ] DEBUG Engine               - prefHeightProperty: ReadOnlyDoubleProperty [value: 600.0]
02:07:33.136 [FXGL Background Thread 3 ] DEBUG Engine               - prefWidthProperty: ReadOnlyDoubleProperty [value: 800.0]
02:07:33.136 [FXGL Background Thread 3 ] DEBUG Engine               - profileDir: profiles/
02:07:33.136 [FXGL Background Thread 3 ] DEBUG Engine               - profileName: StringProperty [value: DEFAULT]
02:07:33.136 [FXGL Background Thread 3 ] DEBUG Engine               - randomSeed: -1
02:07:33.137 [FXGL Background Thread 3 ] DEBUG Engine               - runtimeInfo: RuntimeInfo(platform=WINDOWS, version=17.3, build=30.03.2023 11.49)
02:07:33.137 [FXGL Background Thread 3 ] DEBUG Engine               - saveFileExt: sav
02:07:33.137 [FXGL Background Thread 3 ] DEBUG Engine               - scaledHeightProp$fxgl: DoubleProperty [bound, value: 600.0]
02:07:33.138 [FXGL Background Thread 3 ] DEBUG Engine               - scaledWidthProp$fxgl: DoubleProperty [bound, value: 800.0]
02:07:33.138 [FXGL Background Thread 3 ] DEBUG Engine               - sceneFactory: com.almasb.fxgl.app.scene.SceneFactory@6cfd6759
02:07:33.138 [FXGL Background Thread 3 ] DEBUG Engine               - secondsIn24h: 60
02:07:33.138 [FXGL Background Thread 3 ] DEBUG Engine               - soundMenuBack: menu/back.wav
02:07:33.138 [FXGL Background Thread 3 ] DEBUG Engine               - soundMenuPress: menu/press.wav
02:07:33.139 [FXGL Background Thread 3 ] DEBUG Engine               - soundMenuSelect: menu/select.wav
02:07:33.139 [FXGL Background Thread 3 ] DEBUG Engine               - soundNotification: core/notification.wav
02:07:33.139 [FXGL Background Thread 3 ] DEBUG Engine               - stageStyle: DECORATED
02:07:33.139 [FXGL Background Thread 3 ] DEBUG Engine               - supportedLanguages: [ENGLISH, FRENCH, GERMAN, HUNGARIAN, RUSSIAN]
02:07:33.139 [FXGL Background Thread 3 ] DEBUG Engine               - ticksPerSecond: -1
02:07:33.140 [FXGL Background Thread 3 ] DEBUG Engine               - title: Game App
02:07:33.140 [FXGL Background Thread 3 ] DEBUG Engine               - urlGithub: https://github.com/AlmasB/FXGL
02:07:33.140 [FXGL Background Thread 3 ] DEBUG Engine               - urlLeaderboard: http://fxgl-top.herokuapp.com/
02:07:33.140 [FXGL Background Thread 3 ] DEBUG Engine               - urlPOM: https://raw.githubusercontent.com/AlmasB/FXGL/release/README.md
02:07:33.140 [FXGL Background Thread 3 ] DEBUG Engine               - userAppClass: class org.example.Run
02:07:33.140 [FXGL Background Thread 3 ] DEBUG Engine               - version: 0.0
02:07:33.141 [FXGL Background Thread 3 ] DEBUG Engine               - versionCheckDays: 7
02:07:33.141 [FXGL Background Thread 3 ] DEBUG Engine               - width: 800
02:07:33.142 [FXGL Background Thread 3 ] DEBUG Engine               - Logging services
02:07:33.142 [FXGL Background Thread 3 ] DEBUG Engine               - class com.almasb.fxgl.app.services.FXGLAssetLoaderService
02:07:33.142 [FXGL Background Thread 3 ] DEBUG Engine               - class com.almasb.fxgl.app.FXGLApplication$GameApplicationService
02:07:33.142 [FXGL Background Thread 3 ] DEBUG Engine               - class com.almasb.fxgl.app.services.FXGLDialogService
02:07:33.142 [FXGL Background Thread 3 ] DEBUG Engine               - class com.almasb.fxgl.app.services.IOTaskExecutorService
02:07:33.142 [FXGL Background Thread 3 ] DEBUG Engine               - class com.almasb.fxgl.io.FileSystemService
02:07:33.143 [FXGL Background Thread 3 ] DEBUG Engine               - class com.almasb.fxgl.localization.LocalizationService
02:07:33.143 [FXGL Background Thread 3 ] DEBUG Engine               - class com.almasb.fxgl.app.services.SystemBundleService
02:07:33.143 [FXGL Background Thread 3 ] DEBUG Engine               - class com.almasb.fxgl.profile.SaveLoadService
02:07:33.143 [FXGL Background Thread 3 ] DEBUG Engine               - class com.almasb.fxgl.ui.FXGLUIFactoryServiceProvider
02:07:33.143 [FXGL Background Thread 3 ] DEBUG Engine               - class com.almasb.fxgl.ui.FXGLDialogFactoryServiceProvider
02:07:33.144 [FXGL Background Thread 3 ] DEBUG Engine               - class com.almasb.fxgl.audio.AudioPlayer
02:07:33.144 [FXGL Background Thread 3 ] DEBUG Engine               - class com.almasb.fxgl.notification.impl.NotificationServiceProvider
02:07:33.144 [FXGL Background Thread 3 ] DEBUG Engine               - class com.almasb.fxgl.achievement.AchievementService
02:07:33.144 [FXGL Background Thread 3 ] DEBUG Engine               - class com.almasb.fxgl.cutscene.CutsceneService
02:07:33.145 [FXGL Background Thread 3 ] DEBUG Engine               - class com.almasb.fxgl.minigames.MiniGameService
02:07:33.145 [FXGL Background Thread 3 ] DEBUG Engine               - class com.almasb.fxgl.net.NetService
02:07:33.145 [FXGL Background Thread 3 ] DEBUG Engine               - class com.almasb.fxgl.app.services.UpdaterService
02:07:33.145 [FXGL Background Thread 3 ] DEBUG Engine               - class com.almasb.fxgl.dev.DevService
02:07:39.372 [JavaFX Application Thread] DEBUG FXGLApplication      - Exiting FXGL
02:07:39.373 [JavaFX Application Thread] DEBUG Async                - Shutting down background threads
02:07:39.373 [JavaFX Application Thread] DEBUG PrimaryStageWindow   - Closing main window
02:07:39.444 [JavaFX Application Thread] DEBUG Logger               - Closing Logger
