01:55:16.020 [main                     ] DEBUG Logger               - Configured Logger
01:55:16.044 [main                     ] DEBUG GameApplication      - Logging settings
Title: Game App
Version: 0.0
Width: 800
Height: 600
Fullscreen: false
Intro: false
Profiling: false
Single step:false
App Mode: DEVELOPER
Menu Key: ESCAPE
Stage Style: DECORATED
Scene Factory: class com.almasb.fxgl.app.scene.SceneFactory

01:55:16.589 [JavaFX Application Thread] DEBUG FXGLApplication      - Initializing FXGL
01:55:16.593 [JavaFX Application Thread] INFO  Engine               - FXGL-17.3 (30.03.2023 11.49) on WINDOWS (J:21.0.2 FX:20)
01:55:16.594 [JavaFX Application Thread] DEBUG Engine               - JRE Vendor Name: Oracle Corporation
01:55:16.594 [JavaFX Application Thread] DEBUG Engine               - Running on OS: Windows 11 version 10.0
01:55:16.594 [JavaFX Application Thread] DEBUG Engine               - Architecture: amd64
01:55:16.594 [JavaFX Application Thread] INFO  Engine               - Source code and latest versions at: https://github.com/AlmasB/FXGL
01:55:16.594 [JavaFX Application Thread] INFO  Engine               -       Ask questions and discuss at: https://github.com/AlmasB/FXGL/discussions
01:55:16.594 [JavaFX Application Thread] INFO  Engine               -              Join the FXGL chat at: https://gitter.im/AlmasB/FXGL
01:55:16.705 [JavaFX Application Thread] DEBUG PrimaryStageWindow   - Creating a JavaFX scene
01:55:16.755 [JavaFX Application Thread] DEBUG PrimaryStageWindow   - Target settings size: 800.0 x 600.0
01:55:16.756 [JavaFX Application Thread] DEBUG PrimaryStageWindow   - Scaled scene size:    800.0 x 600.0
01:55:16.756 [JavaFX Application Thread] DEBUG PrimaryStageWindow   - Scaled ratio: (1.0, 1.0)
01:55:16.757 [JavaFX Application Thread] DEBUG PrimaryStageWindow   - Set initial scene to FXGLStartupScene
01:55:16.760 [JavaFX Application Thread] DEBUG PrimaryStageWindow   - Opening main window
01:55:16.859 [JavaFX Application Thread] DEBUG PrimaryStageWindow   - Window border size: (16.0, 39.0)
01:55:16.859 [JavaFX Application Thread] DEBUG PrimaryStageWindow   - Scaled size: 800.0 x 600.0
01:55:16.860 [JavaFX Application Thread] DEBUG PrimaryStageWindow   - Scaled ratio: (1.0, 1.0)
01:55:16.860 [JavaFX Application Thread] DEBUG PrimaryStageWindow   - Scene size: 800.0 x 600.0
01:55:16.860 [JavaFX Application Thread] DEBUG PrimaryStageWindow   - Stage size: 816.0 x 639.0
01:55:16.867 [FXGL Background Thread 1 ] DEBUG Engine               - Initializing environment variables
01:55:16.931 [FXGL Background Thread 1 ] DEBUG FXGLAssetLoaderServi - User app class for loading assets: class org.example.Run
01:55:16.931 [FXGL Background Thread 1 ] DEBUG GameApplicationServi - Applying CSS: fxgl_dark.css
01:55:16.932 [FXGL Background Thread 1 ] DEBUG FXGLAssetLoaderServi - Loading from file system: jar:file:/C:/Users/kozim/.m2/repository/com/github/almasb/fxgl/17.3/fxgl-17.3.jar!/fxglassets/ui/css/fxgl_dark.css
01:55:16.976 [FXGL Background Thread 1 ] DEBUG GameApplicationServi - Initializing application scenes
01:55:17.018 [FXGL Background Thread 1 ] DEBUG GameWorld            - Game world initialized
01:55:17.083 [FXGL Background Thread 1 ] DEBUG PhysicsWorld         - Physics world initialized: appHeight=600, physics.ppm=50,0
01:55:17.084 [FXGL Background Thread 1 ] DEBUG PhysicsWorld         - Using strategy: BRUTE_FORCE
01:55:17.091 [FXGL Background Thread 1 ] DEBUG GameScene            - Game scene initialized: 800x600
01:55:17.109 [FXGL Background Thread 1 ] DEBUG FXGL.DefaultMenu     - createMenuBodyGameMenu()
01:55:17.123 [FXGL Background Thread 1 ] DEBUG FXGL.DefaultMenu     - createOptionsMenu()
01:55:17.131 [FXGL Background Thread 1 ] DEBUG FXGLAssetLoaderServi - Loading from file system: jar:file:/C:/Users/kozim/.m2/repository/com/github/almasb/fxgl/17.3/fxgl-17.3.jar!/fxglassets/textures/particles/smoke.png
01:55:17.243 [FXGL Background Thread 1 ] DEBUG FXGLAssetLoaderServi - Loading from file system: jar:file:/C:/Users/kozim/.m2/repository/com/github/almasb/fxgl/17.3/fxgl-17.3.jar!/fxglassets/textures/particles/trace_horizontal.png
01:55:17.273 [FXGL Background Thread 1 ] DEBUG GameApplicationServi - Application scenes initialized
01:55:17.287 [FXGL Background Thread 1 ] DEBUG SystemBundleService  - Loading FXGL system data
01:55:17.292 [FXGL Background Thread 1 ] DEBUG FileSystemAccess     - Reading from: D:\SEMESTR_IV_PROGRAMY\JAVA\TestGame\TestGame\system\fxgl.bundle
01:55:17.304 [FXGL Background Thread 1 ] DEBUG SystemBundleService  - Bundle FXGL: {}
01:55:17.304 [FXGL Background Thread 1 ] DEBUG UpdaterService       - Checking for updates
01:55:17.308 [FXGL Background Thread 4 ] DEBUG FXGLApplication      - Loading fonts
01:55:17.309 [FXGL Background Thread 4 ] DEBUG FXGLAssetLoaderServi - Loading from file system: jar:file:/C:/Users/kozim/.m2/repository/com/github/almasb/fxgl/17.3/fxgl-17.3.jar!/fxglassets/ui/fonts/VarelaRound-Regular.ttf
01:55:17.309 [FXGL Background Thread 1 ] DEBUG FXGLApplication      - Loading default localization
01:55:17.310 [FXGL Background Thread 1 ] DEBUG FXGLAssetLoaderServi - Loading from file system: jar:file:/C:/Users/kozim/.m2/repository/com/github/almasb/fxgl/17.3/fxgl-17.3.jar!/fxglassets/languages/english.lang
01:55:17.335 [FXGL Background Thread 1 ] INFO  FXGLApplication      - FXGL initialization took: 0,467 sec
01:55:17.338 [JavaFX Application Thread] DEBUG FXGLAssetLoaderServi - Loading from file system: jar:file:/C:/Users/kozim/.m2/repository/com/github/almasb/fxgl/17.3/fxgl-17.3.jar!/fxglassets/textures/fxgl_icon.png
01:55:17.357 [FXGL Background Thread 4 ] DEBUG FXGLAssetLoaderServi - Loading from file system: jar:file:/C:/Users/kozim/.m2/repository/com/github/almasb/fxgl/17.3/fxgl-17.3.jar!/fxglassets/ui/fonts/Abel-Regular.ttf
01:55:17.361 [FXGL Background Thread 4 ] DEBUG FXGLAssetLoaderServi - Loading from file system: jar:file:/C:/Users/kozim/.m2/repository/com/github/almasb/fxgl/17.3/fxgl-17.3.jar!/fxglassets/ui/fonts/TerminalLandMono-Regular.otf
01:55:17.362 [JavaFX Application Thread] DEBUG FXGLAssetLoaderServi - Loading from file system: jar:file:/C:/Users/kozim/.m2/repository/com/github/almasb/fxgl/17.3/fxgl-17.3.jar!/fxglassets/textures/fxgl_default_cursor.png
01:55:17.368 [FXGL Background Thread 4 ] DEBUG FXGLAssetLoaderServi - Loading from file system: jar:file:/C:/Users/kozim/.m2/repository/com/github/almasb/fxgl/17.3/fxgl-17.3.jar!/fxglassets/ui/fonts/Courier-Prime.ttf
01:55:17.382 [JavaFX Application Thread] DEBUG Input                - Registered new binding: Screenshot - CTRL+8
01:55:17.383 [JavaFX Application Thread] DEBUG Input                - Registered new binding: System info dump - CTRL+9
01:55:17.383 [JavaFX Application Thread] DEBUG Input                - Registered new binding: Restart - CTRL+R
01:55:17.385 [JavaFX Application Thread] DEBUG Input                - Registered new binding: Toggle Debug Camera - CTRL+7
01:55:17.388 [JavaFX Application Thread] DEBUG LoopRunner           - Starting loop
01:55:17.388 [JavaFX Application Thread] DEBUG LoopRunner           - Initializing JavaFX AnimationTimerLoop
01:55:17.389 [JavaFX Application Thread] DEBUG GameApplicationServi - Starting new game
01:55:17.390 [JavaFX Application Thread] DEBUG Input                - Clearing active input actions
01:55:17.401 [JavaFX Application Thread] DEBUG GameApplicationServi - Removing overlay from FXGLStartupScene and adding to FXGLLoadingScene
01:55:17.402 [JavaFX Application Thread] DEBUG PrimaryStageWindow   - FXGLStartupScene -> FXGLLoadingScene
01:55:17.402 [JavaFX Application Thread] DEBUG GameApplicationServi - Clearing previous game
01:55:17.402 [JavaFX Application Thread] DEBUG GameScene            - Clearing game scene
01:55:17.402 [JavaFX Application Thread] DEBUG GameWorld            - Clearing game world
01:55:17.402 [JavaFX Application Thread] DEBUG PhysicsWorld         - Clearing physics world
01:55:17.404 [FXGL Background Thread 4 ] DEBUG FXGLApplication      - Initializing game
01:55:17.404 [JavaFX Application Thread] DEBUG FXGLApplication      - Registering font factories with UI factory
01:55:17.412 [FXGL Background Thread 4 ] INFO  FXGLApplication      - Game initialization took: 0,008 sec
01:55:17.450 [JavaFX Application Thread] DEBUG Input                - Clearing active input actions
01:55:17.459 [JavaFX Application Thread] DEBUG GameApplicationServi - Removing overlay from FXGLLoadingScene and adding to GameScene
01:55:17.459 [JavaFX Application Thread] DEBUG PrimaryStageWindow   - FXGLLoadingScene -> GameScene
01:55:17.924 [FXGL Background Thread 2 ] INFO  UpdaterService       - Your current version:  17.3
01:55:17.925 [FXGL Background Thread 2 ] INFO  UpdaterService       - Latest stable version: 21.1
01:55:18.456 [JavaFX Application Thread] DEBUG FXGLAssetLoaderServi - Loading from file system: file:/D:/SEMESTR_IV_PROGRAMY/JAVA/TestGame/TestGame/target/classes/assets/textures/enemy_1.png
01:55:18.648 [JavaFX Application Thread] WARN  GameWorld            - Entity is already attached to world
01:55:19.474 [JavaFX Application Thread] WARN  GameWorld            - Entity is already attached to world
01:55:20.289 [JavaFX Application Thread] WARN  GameWorld            - Entity is already attached to world
01:55:20.307 [FXGL Background Thread 3 ] DEBUG Engine               - Logging environment variables
01:55:20.310 [FXGL Background Thread 3 ] DEBUG Engine               - achievements: []
01:55:20.310 [FXGL Background Thread 3 ] DEBUG Engine               - actualHeight: 600.0
01:55:20.310 [FXGL Background Thread 3 ] DEBUG Engine               - actualHeightProperty: ReadOnlyDoubleProperty [value: 600.0]
01:55:20.311 [FXGL Background Thread 3 ] DEBUG Engine               - actualWidth: 800.0
01:55:20.311 [FXGL Background Thread 3 ] DEBUG Engine               - actualWidthProperty: ReadOnlyDoubleProperty [value: 800.0]
01:55:20.311 [FXGL Background Thread 3 ] DEBUG Engine               - appIcon: fxgl_icon.png
01:55:20.312 [FXGL Background Thread 3 ] DEBUG Engine               - applicationMode: DEVELOPER
01:55:20.312 [FXGL Background Thread 3 ] DEBUG Engine               - cSSList: [fxgl_dark.css]
01:55:20.312 [FXGL Background Thread 3 ] DEBUG Engine               - collisionDetectionStrategy: BRUTE_FORCE
01:55:20.313 [FXGL Background Thread 3 ] DEBUG Engine               - configClass: Optional.empty
01:55:20.313 [FXGL Background Thread 3 ] DEBUG Engine               - credits: []
01:55:20.314 [FXGL Background Thread 3 ] DEBUG Engine               - defaultCursor: CursorInfo(imageName=fxgl_default_cursor.png, hotspotX=7.0, hotspotY=6.0)
01:55:20.315 [FXGL Background Thread 3 ] DEBUG Engine               - devBBoxColorProperty: ObjectProperty [value: 0xff0000ff]
01:55:20.315 [FXGL Background Thread 3 ] DEBUG Engine               - devEnableDebugCameraProperty: BooleanProperty [value: false]
01:55:20.315 [FXGL Background Thread 3 ] DEBUG Engine               - devSensorColorProperty: ObjectProperty [value: 0xffff00ff]
01:55:20.315 [FXGL Background Thread 3 ] DEBUG Engine               - devShowBBoxProperty: BooleanProperty [value: false]
01:55:20.316 [FXGL Background Thread 3 ] DEBUG Engine               - devShowPositionProperty: BooleanProperty [value: false]
01:55:20.316 [FXGL Background Thread 3 ] DEBUG Engine               - enabledMenuItems: []
01:55:20.316 [FXGL Background Thread 3 ] DEBUG Engine               - engineServices: [class com.almasb.fxgl.app.services.FXGLAssetLoaderService, class com.almasb.fxgl.app.FXGLApplication$GameApplicationService, class com.almasb.fxgl.app.services.FXGLDialogService, class com.almasb.fxgl.app.services.IOTaskExecutorService, class com.almasb.fxgl.io.FileSystemService, class com.almasb.fxgl.localization.LocalizationService, class com.almasb.fxgl.app.services.SystemBundleService, class com.almasb.fxgl.profile.SaveLoadService, class com.almasb.fxgl.ui.FXGLUIFactoryServiceProvider, class com.almasb.fxgl.ui.FXGLDialogFactoryServiceProvider, class com.almasb.fxgl.audio.AudioPlayer, class com.almasb.fxgl.notification.impl.NotificationServiceProvider, class com.almasb.fxgl.achievement.AchievementService, class com.almasb.fxgl.cutscene.CutsceneService, class com.almasb.fxgl.minigames.MiniGameService, class com.almasb.fxgl.net.NetService, class com.almasb.fxgl.app.services.UpdaterService, class com.almasb.fxgl.dev.DevService]
01:55:20.317 [FXGL Background Thread 3 ] DEBUG Engine               - fontGame: Abel-Regular.ttf
01:55:20.317 [FXGL Background Thread 3 ] DEBUG Engine               - fontMono: TerminalLandMono-Regular.otf
01:55:20.317 [FXGL Background Thread 3 ] DEBUG Engine               - fontSizeScaleUI: 1.0
01:55:20.317 [FXGL Background Thread 3 ] DEBUG Engine               - fontText: Courier-Prime.ttf
01:55:20.318 [FXGL Background Thread 3 ] DEBUG Engine               - fontUI: VarelaRound-Regular.ttf
01:55:20.318 [FXGL Background Thread 3 ] DEBUG Engine               - fullScreen: BooleanProperty [value: false]
01:55:20.318 [FXGL Background Thread 3 ] DEBUG Engine               - gameDifficulty: MEDIUM
01:55:20.318 [FXGL Background Thread 3 ] DEBUG Engine               - gameDifficultyProperty: ObjectProperty [value: MEDIUM]
01:55:20.318 [FXGL Background Thread 3 ] DEBUG Engine               - globalMusicVolume: 0.5
01:55:20.319 [FXGL Background Thread 3 ] DEBUG Engine               - globalMusicVolumeProperty: DoubleProperty [value: 0.5]
01:55:20.319 [FXGL Background Thread 3 ] DEBUG Engine               - globalSoundVolume: 0.5
01:55:20.319 [FXGL Background Thread 3 ] DEBUG Engine               - globalSoundVolumeProperty: DoubleProperty [value: 0.5]
01:55:20.320 [FXGL Background Thread 3 ] DEBUG Engine               - height: 600
01:55:20.320 [FXGL Background Thread 3 ] DEBUG Engine               - is3D: false
01:55:20.320 [FXGL Background Thread 3 ] DEBUG Engine               - isAndroid: false
01:55:20.321 [FXGL Background Thread 3 ] DEBUG Engine               - isBrowser: false
01:55:20.321 [FXGL Background Thread 3 ] DEBUG Engine               - isClickFeedbackEnabled: false
01:55:20.321 [FXGL Background Thread 3 ] DEBUG Engine               - isCloseConfirmation: false
01:55:20.322 [FXGL Background Thread 3 ] DEBUG Engine               - isDesktop: true
01:55:20.322 [FXGL Background Thread 3 ] DEBUG Engine               - isDeveloperMenuEnabled: false
01:55:20.322 [FXGL Background Thread 3 ] DEBUG Engine               - isEmbedded: false
01:55:20.322 [FXGL Background Thread 3 ] DEBUG Engine               - isEntityPreloadEnabled: true
01:55:20.322 [FXGL Background Thread 3 ] DEBUG Engine               - isExperimentalTiledLargeMap: false
01:55:20.323 [FXGL Background Thread 3 ] DEBUG Engine               - isFileSystemWriteAllowed: true
01:55:20.323 [FXGL Background Thread 3 ] DEBUG Engine               - isFullScreenAllowed: false
01:55:20.323 [FXGL Background Thread 3 ] DEBUG Engine               - isFullScreenFromStart: false
01:55:20.323 [FXGL Background Thread 3 ] DEBUG Engine               - isGameMenuEnabled: true
01:55:20.323 [FXGL Background Thread 3 ] DEBUG Engine               - isIOS: false
01:55:20.324 [FXGL Background Thread 3 ] DEBUG Engine               - isIntroEnabled: false
01:55:20.324 [FXGL Background Thread 3 ] DEBUG Engine               - isLinux: false
01:55:20.324 [FXGL Background Thread 3 ] DEBUG Engine               - isMac: false
01:55:20.325 [FXGL Background Thread 3 ] DEBUG Engine               - isMainMenuEnabled: false
01:55:20.325 [FXGL Background Thread 3 ] DEBUG Engine               - isManualResizeEnabled: false
01:55:20.325 [FXGL Background Thread 3 ] DEBUG Engine               - isMobile: false
01:55:20.326 [FXGL Background Thread 3 ] DEBUG Engine               - isNative: false
01:55:20.326 [FXGL Background Thread 3 ] DEBUG Engine               - isPauseMusicWhenMinimized: true
01:55:20.326 [FXGL Background Thread 3 ] DEBUG Engine               - isPreserveResizeRatio: false
01:55:20.326 [FXGL Background Thread 3 ] DEBUG Engine               - isProfilingEnabled: false
01:55:20.327 [FXGL Background Thread 3 ] DEBUG Engine               - isScaleAffectedOnResize: true
01:55:20.327 [FXGL Background Thread 3 ] DEBUG Engine               - isSingleStep: false
01:55:20.327 [FXGL Background Thread 3 ] DEBUG Engine               - isUserProfileEnabled: false
01:55:20.327 [FXGL Background Thread 3 ] DEBUG Engine               - isWindows: true
01:55:20.327 [FXGL Background Thread 3 ] DEBUG Engine               - language: ObjectProperty [value: ENGLISH]
01:55:20.327 [FXGL Background Thread 3 ] DEBUG Engine               - menuKey: ESCAPE
01:55:20.328 [FXGL Background Thread 3 ] DEBUG Engine               - mouseSensitivity: 0.2
01:55:20.328 [FXGL Background Thread 3 ] DEBUG Engine               - notificationViewClass: class com.almasb.fxgl.notification.view.XboxNotificationView
01:55:20.328 [FXGL Background Thread 3 ] DEBUG Engine               - pixelsPerMeter: 50.0
01:55:20.328 [FXGL Background Thread 3 ] DEBUG Engine               - platform: WINDOWS
01:55:20.329 [FXGL Background Thread 3 ] DEBUG Engine               - prefHeightProperty: ReadOnlyDoubleProperty [value: 600.0]
01:55:20.329 [FXGL Background Thread 3 ] DEBUG Engine               - prefWidthProperty: ReadOnlyDoubleProperty [value: 800.0]
01:55:20.329 [FXGL Background Thread 3 ] DEBUG Engine               - profileDir: profiles/
01:55:20.329 [FXGL Background Thread 3 ] DEBUG Engine               - profileName: StringProperty [value: DEFAULT]
01:55:20.329 [FXGL Background Thread 3 ] DEBUG Engine               - randomSeed: -1
01:55:20.331 [FXGL Background Thread 3 ] DEBUG Engine               - runtimeInfo: RuntimeInfo(platform=WINDOWS, version=17.3, build=30.03.2023 11.49)
01:55:20.331 [FXGL Background Thread 3 ] DEBUG Engine               - saveFileExt: sav
01:55:20.332 [FXGL Background Thread 3 ] DEBUG Engine               - scaledHeightProp$fxgl: DoubleProperty [bound, value: 600.0]
01:55:20.332 [FXGL Background Thread 3 ] DEBUG Engine               - scaledWidthProp$fxgl: DoubleProperty [bound, value: 800.0]
01:55:20.332 [FXGL Background Thread 3 ] DEBUG Engine               - sceneFactory: com.almasb.fxgl.app.scene.SceneFactory@2d79e841
01:55:20.332 [FXGL Background Thread 3 ] DEBUG Engine               - secondsIn24h: 60
01:55:20.333 [FXGL Background Thread 3 ] DEBUG Engine               - soundMenuBack: menu/back.wav
01:55:20.333 [FXGL Background Thread 3 ] DEBUG Engine               - soundMenuPress: menu/press.wav
01:55:20.333 [FXGL Background Thread 3 ] DEBUG Engine               - soundMenuSelect: menu/select.wav
01:55:20.334 [FXGL Background Thread 3 ] DEBUG Engine               - soundNotification: core/notification.wav
01:55:20.334 [FXGL Background Thread 3 ] DEBUG Engine               - stageStyle: DECORATED
01:55:20.334 [FXGL Background Thread 3 ] DEBUG Engine               - supportedLanguages: [ENGLISH, FRENCH, GERMAN, HUNGARIAN, RUSSIAN]
01:55:20.334 [FXGL Background Thread 3 ] DEBUG Engine               - ticksPerSecond: -1
01:55:20.335 [FXGL Background Thread 3 ] DEBUG Engine               - title: Game App
01:55:20.335 [FXGL Background Thread 3 ] DEBUG Engine               - urlGithub: https://github.com/AlmasB/FXGL
01:55:20.335 [FXGL Background Thread 3 ] DEBUG Engine               - urlLeaderboard: http://fxgl-top.herokuapp.com/
01:55:20.335 [FXGL Background Thread 3 ] DEBUG Engine               - urlPOM: https://raw.githubusercontent.com/AlmasB/FXGL/release/README.md
01:55:20.335 [FXGL Background Thread 3 ] DEBUG Engine               - userAppClass: class org.example.Run
01:55:20.336 [FXGL Background Thread 3 ] DEBUG Engine               - version: 0.0
01:55:20.336 [FXGL Background Thread 3 ] DEBUG Engine               - versionCheckDays: 7
01:55:20.336 [FXGL Background Thread 3 ] DEBUG Engine               - width: 800
01:55:20.336 [FXGL Background Thread 3 ] DEBUG Engine               - Logging services
01:55:20.336 [FXGL Background Thread 3 ] DEBUG Engine               - class com.almasb.fxgl.app.services.FXGLAssetLoaderService
01:55:20.336 [FXGL Background Thread 3 ] DEBUG Engine               - class com.almasb.fxgl.app.FXGLApplication$GameApplicationService
01:55:20.336 [FXGL Background Thread 3 ] DEBUG Engine               - class com.almasb.fxgl.app.services.FXGLDialogService
01:55:20.337 [FXGL Background Thread 3 ] DEBUG Engine               - class com.almasb.fxgl.app.services.IOTaskExecutorService
01:55:20.337 [FXGL Background Thread 3 ] DEBUG Engine               - class com.almasb.fxgl.io.FileSystemService
01:55:20.337 [FXGL Background Thread 3 ] DEBUG Engine               - class com.almasb.fxgl.localization.LocalizationService
01:55:20.337 [FXGL Background Thread 3 ] DEBUG Engine               - class com.almasb.fxgl.app.services.SystemBundleService
01:55:20.337 [FXGL Background Thread 3 ] DEBUG Engine               - class com.almasb.fxgl.profile.SaveLoadService
01:55:20.338 [FXGL Background Thread 3 ] DEBUG Engine               - class com.almasb.fxgl.ui.FXGLUIFactoryServiceProvider
01:55:20.338 [FXGL Background Thread 3 ] DEBUG Engine               - class com.almasb.fxgl.ui.FXGLDialogFactoryServiceProvider
01:55:20.338 [FXGL Background Thread 3 ] DEBUG Engine               - class com.almasb.fxgl.audio.AudioPlayer
01:55:20.338 [FXGL Background Thread 3 ] DEBUG Engine               - class com.almasb.fxgl.notification.impl.NotificationServiceProvider
01:55:20.338 [FXGL Background Thread 3 ] DEBUG Engine               - class com.almasb.fxgl.achievement.AchievementService
01:55:20.338 [FXGL Background Thread 3 ] DEBUG Engine               - class com.almasb.fxgl.cutscene.CutsceneService
01:55:20.339 [FXGL Background Thread 3 ] DEBUG Engine               - class com.almasb.fxgl.minigames.MiniGameService
01:55:20.339 [FXGL Background Thread 3 ] DEBUG Engine               - class com.almasb.fxgl.net.NetService
01:55:20.339 [FXGL Background Thread 3 ] DEBUG Engine               - class com.almasb.fxgl.app.services.UpdaterService
01:55:20.340 [FXGL Background Thread 3 ] DEBUG Engine               - class com.almasb.fxgl.dev.DevService
01:55:24.204 [JavaFX Application Thread] DEBUG FXGLApplication      - Exiting FXGL
01:55:24.205 [JavaFX Application Thread] DEBUG LoopRunner           - Stopping loop
01:55:24.205 [JavaFX Application Thread] DEBUG SystemBundleService  - Saving FXGL system data
01:55:24.210 [JavaFX Application Thread] DEBUG FileSystemAccess     - Writing to: D:\SEMESTR_IV_PROGRAMY\JAVA\TestGame\TestGame\system\fxgl.bundle
01:55:24.222 [JavaFX Application Thread] DEBUG Async                - Shutting down background threads
01:55:24.223 [JavaFX Application Thread] DEBUG PrimaryStageWindow   - Closing main window
01:55:24.308 [JavaFX Application Thread] DEBUG Logger               - Closing Logger
